#
# There is insufficient memory for the Java Runtime Environment to continue.
# Native memory allocation (malloc) failed to allocate 355456 bytes for Chunk::new
# Possible reasons:
#   The system is out of physical RAM or swap space
#   In 32 bit mode, the process size limit was hit
# Possible solutions:
#   Reduce memory load on the system
#   Increase physical memory or swap space
#   Check if swap backing store is full
#   Use 64 bit Java on a 64 bit OS
#   Decrease Java heap size (-Xmx/-Xms)
#   Decrease number of Java threads
#   Decrease Java thread stack sizes (-Xss)
#   Set larger code cache with -XX:ReservedCodeCacheSize=
# This output file may be truncated or incomplete.
#
#  Out of Memory Error (allocation.cpp:390), pid=11448, tid=0x0000000000001244
#
# JRE version: Java(TM) SE Runtime Environment (8.0_111-b14) (build 1.8.0_111-b14)
# Java VM: Java HotSpot(TM) 64-Bit Server VM (25.111-b14 mixed mode windows-amd64 compressed oops)
# Failed to write core dump. Minidumps are not enabled by default on client versions of Windows
#

---------------  T H R E A D  ---------------

Current thread (0x0000000017a30000):  JavaThread "C2 CompilerThread0" daemon [_thread_in_native, id=4676, stack(0x00000000190b0000,0x00000000191b0000)]

Stack: [0x00000000190b0000,0x00000000191b0000]
[error occurred during error reporting (printing stack bounds), id 0xc0000005]

Native frames: (J=compiled Java code, j=interpreted, Vv=VM code, C=native code)


Current CompileTask:
C2:    971  584   !   4       com.sun.tools.javac.jvm.ClassReader::classSigToType (498 bytes)


---------------  P R O C E S S  ---------------

Java Threads: ( => current thread )
  0x00000000193f8000 JavaThread "Service Thread" daemon [_thread_blocked, id=11128, stack(0x00000000197b0000,0x00000000198b0000)]
  0x0000000017a42000 JavaThread "C1 CompilerThread2" daemon [_thread_blocked, id=16284, stack(0x00000000192b0000,0x00000000193b0000)]
  0x0000000017a33000 JavaThread "C2 CompilerThread1" daemon [_thread_in_native, id=15384, stack(0x00000000191b0000,0x00000000192b0000)]
=>0x0000000017a30000 JavaThread "C2 CompilerThread0" daemon [_thread_in_native, id=4676, stack(0x00000000190b0000,0x00000000191b0000)]
  0x0000000017a2d800 JavaThread "Attach Listener" daemon [_thread_blocked, id=12724, stack(0x0000000018fb0000,0x00000000190b0000)]
  0x0000000017a2c000 JavaThread "Signal Dispatcher" daemon [_thread_blocked, id=8120, stack(0x0000000018eb0000,0x0000000018fb0000)]
  0x0000000002efb000 JavaThread "Finalizer" daemon [_thread_blocked, id=3012, stack(0x0000000018c90000,0x0000000018d90000)]
  0x0000000002ef2000 JavaThread "Reference Handler" daemon [_thread_blocked, id=9332, stack(0x0000000018b90000,0x0000000018c90000)]
  0x0000000002e02800 JavaThread "main" [_thread_in_vm, id=10728, stack(0x0000000002c20000,0x0000000002d20000)]

Other Threads:
  0x00000000179f7000 VMThread [stack: 0x0000000018a90000,0x0000000018b90000] [id=5404]
  0x00000000193fc000 WatcherThread [stack: 0x0000000019a20000,0x0000000019b20000] [id=12708]

VM state:not at safepoint (normal execution)

VM Mutex/Monitor currently owned by a thread: None

Heap:
 PSYoungGen      total 11776K, used 9066K [0x00000000d5f00000, 0x00000000d7180000, 0x0000000100000000)
  eden space 8704K, 69% used [0x00000000d5f00000,0x00000000d64f1d48,0x00000000d6780000)
  from space 3072K, 96% used [0x00000000d6e80000,0x00000000d7168bc0,0x00000000d7180000)
  to   space 4096K, 0% used [0x00000000d6980000,0x00000000d6980000,0x00000000d6d80000)
 ParOldGen       total 11264K, used 4950K [0x0000000081c00000, 0x0000000082700000, 0x00000000d5f00000)
  object space 11264K, 43% used [0x0000000081c00000,0x00000000820d5a90,0x0000000082700000)
 Metaspace       used 7828K, capacity 8596K, committed 8704K, reserved 1056768K
  class space    used 946K, capacity 976K, committed 1024K, reserved 1048576K

Card table byte_map: [0x00000000122c0000,0x00000000126c0000] byte_map_base: 0x0000000011eb2000

Marking Bits: (ParMarkBitMap*) 0x000000006d1da6c0
 Begin Bits: [0x0000000012d70000, 0x0000000014d00000)
 End Bits:   [0x0000000014d00000, 0x0000000016c90000)

Polling page: 0x0000000000ff0000

CodeCache: size=245760Kb used=2630Kb max_used=2632Kb free=243129Kb
 bounds [0x0000000002f00000, 0x00000000031a0000, 0x0000000011f00000]
 total_blobs=875 nmethods=588 adapters=200
 compilation: enabled

Compilation events (10 events):
Event: 0.922 Thread 0x0000000017a42000 nmethod 580 0x000000000318a710 code [0x000000000318a8a0, 0x000000000318ac90]
Event: 0.922 Thread 0x0000000017a42000  581       3       com.sun.tools.javac.util.ListBuffer::toList (10 bytes)
Event: 0.922 Thread 0x0000000017a42000 nmethod 581 0x000000000318a3d0 code [0x000000000318a520, 0x000000000318a670]
Event: 0.923 Thread 0x0000000017a42000  582       3       java.util.Collections$UnmodifiableCollection$1::hasNext (10 bytes)
Event: 0.924 Thread 0x0000000017a42000 nmethod 582 0x0000000003189f90 code [0x000000000318a100, 0x000000000318a328]
Event: 0.926 Thread 0x0000000017a30000 nmethod 578 0x0000000003191e10 code [0x0000000003191f80, 0x0000000003192388]
Event: 0.926 Thread 0x0000000017a42000  583       3       java.io.File::isInvalid (47 bytes)
Event: 0.927 Thread 0x0000000017a42000 nmethod 583 0x0000000003191790 code [0x0000000003191900, 0x0000000003191d28]
Event: 0.929 Thread 0x0000000017a30000  584   !   4       com.sun.tools.javac.jvm.ClassReader::classSigToType (498 bytes)
Event: 0.934 Thread 0x0000000017a33000 nmethod 577 0x000000000318f610 code [0x000000000318f760, 0x000000000318fed8]

GC Heap History (10 events):
Event: 0.442 GC heap before
{Heap before GC invocations=3 (full 0):
 PSYoungGen      total 3584K, used 3469K [0x00000000d5f00000, 0x00000000d6300000, 0x0000000100000000)
  eden space 3072K, 96% used [0x00000000d5f00000,0x00000000d61e3770,0x00000000d6200000)
  from space 512K, 100% used [0x00000000d6280000,0x00000000d6300000,0x00000000d6300000)
  to   space 512K, 0% used [0x00000000d6200000,0x00000000d6200000,0x00000000d6280000)
 ParOldGen       total 5632K, used 96K [0x0000000081c00000, 0x0000000082180000, 0x00000000d5f00000)
  object space 5632K, 1% used [0x0000000081c00000,0x0000000081c18000,0x0000000082180000)
 Metaspace       used 5140K, capacity 6324K, committed 6656K, reserved 1056768K
  class space    used 638K, capacity 688K, committed 768K, reserved 1048576K
Event: 0.444 GC heap after
Heap after GC invocations=3 (full 0):
 PSYoungGen      total 3584K, used 495K [0x00000000d5f00000, 0x00000000d6600000, 0x0000000100000000)
  eden space 3072K, 0% used [0x00000000d5f00000,0x00000000d5f00000,0x00000000d6200000)
  from space 512K, 96% used [0x00000000d6200000,0x00000000d627bc20,0x00000000d6280000)
  to   space 512K, 0% used [0x00000000d6580000,0x00000000d6580000,0x00000000d6600000)
 ParOldGen       total 5632K, used 628K [0x0000000081c00000, 0x0000000082180000, 0x00000000d5f00000)
  object space 5632K, 11% used [0x0000000081c00000,0x0000000081c9d030,0x0000000082180000)
 Metaspace       used 5140K, capacity 6324K, committed 6656K, reserved 1056768K
  class space    used 638K, capacity 688K, committed 768K, reserved 1048576K
}
Event: 0.538 GC heap before
{Heap before GC invocations=4 (full 0):
 PSYoungGen      total 3584K, used 3567K [0x00000000d5f00000, 0x00000000d6600000, 0x0000000100000000)
  eden space 3072K, 100% used [0x00000000d5f00000,0x00000000d6200000,0x00000000d6200000)
  from space 512K, 96% used [0x00000000d6200000,0x00000000d627bc20,0x00000000d6280000)
  to   space 512K, 0% used [0x00000000d6580000,0x00000000d6580000,0x00000000d6600000)
 ParOldGen       total 5632K, used 628K [0x0000000081c00000, 0x0000000082180000, 0x00000000d5f00000)
  object space 5632K, 11% used [0x0000000081c00000,0x0000000081c9d030,0x0000000082180000)
 Metaspace       used 6250K, capacity 7348K, committed 7552K, reserved 1056768K
  class space    used 790K, capacity 816K, committed 896K, reserved 1048576K
Event: 0.539 GC heap after
Heap after GC invocations=4 (full 0):
 PSYoungGen      total 6656K, used 496K [0x00000000d5f00000, 0x00000000d6600000, 0x0000000100000000)
  eden space 6144K, 0% used [0x00000000d5f00000,0x00000000d5f00000,0x00000000d6500000)
  from space 512K, 96% used [0x00000000d6580000,0x00000000d65fc010,0x00000000d6600000)
  to   space 512K, 0% used [0x00000000d6500000,0x00000000d6500000,0x00000000d6580000)
 ParOldGen       total 5632K, used 937K [0x0000000081c00000, 0x0000000082180000, 0x00000000d5f00000)
  object space 5632K, 16% used [0x0000000081c00000,0x0000000081cea550,0x0000000082180000)
 Metaspace       used 6250K, capacity 7348K, committed 7552K, reserved 1056768K
  class space    used 790K, capacity 816K, committed 896K, reserved 1048576K
}
Event: 0.723 GC heap before
{Heap before GC invocations=5 (full 0):
 PSYoungGen      total 6656K, used 6640K [0x00000000d5f00000, 0x00000000d6600000, 0x0000000100000000)
  eden space 6144K, 100% used [0x00000000d5f00000,0x00000000d6500000,0x00000000d6500000)
  from space 512K, 96% used [0x00000000d6580000,0x00000000d65fc010,0x00000000d6600000)
  to   space 512K, 0% used [0x00000000d6500000,0x00000000d6500000,0x00000000d6580000)
 ParOldGen       total 5632K, used 937K [0x0000000081c00000, 0x0000000082180000, 0x00000000d5f00000)
  object space 5632K, 16% used [0x0000000081c00000,0x0000000081cea550,0x0000000082180000)
 Metaspace       used 7343K, capacity 8180K, committed 8448K, reserved 1056768K
  class space    used 901K, capacity 944K, committed 1024K, reserved 1048576K
Event: 0.728 GC heap after
Heap after GC invocations=5 (full 0):
 PSYoungGen      total 6656K, used 512K [0x00000000d5f00000, 0x00000000d7200000, 0x0000000100000000)
  eden space 6144K, 0% used [0x00000000d5f00000,0x00000000d5f00000,0x00000000d6500000)
  from space 512K, 100% used [0x00000000d6500000,0x00000000d6580000,0x00000000d6580000)
  to   space 3584K, 0% used [0x00000000d6e80000,0x00000000d6e80000,0x00000000d7200000)
 ParOldGen       total 5632K, used 4602K [0x0000000081c00000, 0x0000000082180000, 0x00000000d5f00000)
  object space 5632K, 81% used [0x0000000081c00000,0x000000008207eae8,0x0000000082180000)
 Metaspace       used 7343K, capacity 8180K, committed 8448K, reserved 1056768K
  class space    used 901K, capacity 944K, committed 1024K, reserved 1048576K
}
Event: 0.729 GC heap before
{Heap before GC invocations=6 (full 1):
 PSYoungGen      total 6656K, used 512K [0x00000000d5f00000, 0x00000000d7200000, 0x0000000100000000)
  eden space 6144K, 0% used [0x00000000d5f00000,0x00000000d5f00000,0x00000000d6500000)
  from space 512K, 100% used [0x00000000d6500000,0x00000000d6580000,0x00000000d6580000)
  to   space 3584K, 0% used [0x00000000d6e80000,0x00000000d6e80000,0x00000000d7200000)
 ParOldGen       total 5632K, used 4602K [0x0000000081c00000, 0x0000000082180000, 0x00000000d5f00000)
  object space 5632K, 81% used [0x0000000081c00000,0x000000008207eae8,0x0000000082180000)
 Metaspace       used 7343K, capacity 8180K, committed 8448K, reserved 1056768K
  class space    used 901K, capacity 944K, committed 1024K, reserved 1048576K
Event: 0.761 GC heap after
Heap after GC invocations=6 (full 1):
 PSYoungGen      total 6656K, used 0K [0x00000000d5f00000, 0x00000000d7200000, 0x0000000100000000)
  eden space 6144K, 0% used [0x00000000d5f00000,0x00000000d5f00000,0x00000000d6500000)
  from space 512K, 0% used [0x00000000d6500000,0x00000000d6500000,0x00000000d6580000)
  to   space 3584K, 0% used [0x00000000d6e80000,0x00000000d6e80000,0x00000000d7200000)
 ParOldGen       total 11264K, used 4950K [0x0000000081c00000, 0x0000000082700000, 0x00000000d5f00000)
  object space 11264K, 43% used [0x0000000081c00000,0x00000000820d5a90,0x0000000082700000)
 Metaspace       used 7343K, capacity 8180K, committed 8448K, reserved 1056768K
  class space    used 901K, capacity 944K, committed 1024K, reserved 1048576K
}
Event: 0.849 GC heap before
{Heap before GC invocations=7 (full 1):
 PSYoungGen      total 6656K, used 6144K [0x00000000d5f00000, 0x00000000d7200000, 0x0000000100000000)
  eden space 6144K, 100% used [0x00000000d5f00000,0x00000000d6500000,0x00000000d6500000)
  from space 512K, 0% used [0x00000000d6500000,0x00000000d6500000,0x00000000d6580000)
  to   space 3584K, 0% used [0x00000000d6e80000,0x00000000d6e80000,0x00000000d7200000)
 ParOldGen       total 11264K, used 4950K [0x0000000081c00000, 0x0000000082700000, 0x00000000d5f00000)
  object space 11264K, 43% used [0x0000000081c00000,0x00000000820d5a90,0x0000000082700000)
 Metaspace       used 7436K, capacity 8244K, committed 8448K, reserved 1056768K
  class space    used 909K, capacity 944K, committed 1024K, reserved 1048576K
Event: 0.854 GC heap after
Heap after GC invocations=7 (full 1):
 PSYoungGen      total 11776K, used 2978K [0x00000000d5f00000, 0x00000000d7180000, 0x0000000100000000)
  eden space 8704K, 0% used [0x00000000d5f00000,0x00000000d5f00000,0x00000000d6780000)
  from space 3072K, 96% used [0x00000000d6e80000,0x00000000d7168bc0,0x00000000d7180000)
  to   space 4096K, 0% used [0x00000000d6980000,0x00000000d6980000,0x00000000d6d80000)
 ParOldGen       total 11264K, used 4950K [0x0000000081c00000, 0x0000000082700000, 0x00000000d5f00000)
  object space 11264K, 43% used [0x0000000081c00000,0x00000000820d5a90,0x0000000082700000)
 Metaspace       used 7436K, capacity 8244K, committed 8448K, reserved 1056768K
  class space    used 909K, capacity 944K, committed 1024K, reserved 1048576K
}

Deoptimization events (10 events):
Event: 0.584 Thread 0x0000000002e02800 Uncommon trap: reason=unstable_if action=reinterpret pc=0x0000000003072d44 method=java.lang.String.replace(CC)Ljava/lang/String; @ 26
Event: 0.589 Thread 0x0000000002e02800 Uncommon trap: reason=unstable_if action=reinterpret pc=0x00000000030be4f8 method=java.lang.String.<init>([CII)V @ 18
Event: 0.589 Thread 0x0000000002e02800 Uncommon trap: reason=unstable_if action=reinterpret pc=0x00000000030427e8 method=java.lang.String.startsWith(Ljava/lang/String;I)Z @ 25
Event: 0.589 Thread 0x0000000002e02800 Uncommon trap: reason=unloaded action=reinterpret pc=0x00000000030a27a0 method=sun.misc.URLClassPath$JarLoader.getResource(Ljava/lang/String;Z)Lsun/misc/Resource; @ 67
Event: 0.592 Thread 0x0000000002e02800 Uncommon trap: reason=class_check action=maybe_recompile pc=0x00000000030a0d70 method=sun.misc.URLClassPath.getLoader(I)Lsun/misc/URLClassPath$Loader; @ 94
Event: 0.894 Thread 0x0000000002e02800 Uncommon trap: reason=unstable_if action=reinterpret pc=0x0000000003153ff0 method=com.sun.tools.javac.util.Name$Table.equals([BI[BII)Z @ 22
Event: 0.911 Thread 0x0000000002e02800 Uncommon trap: reason=class_check action=maybe_recompile pc=0x0000000003177c20 method=com.sun.tools.javac.util.List.prependList(Lcom/sun/tools/javac/util/List;)Lcom/sun/tools/javac/util/List; @ 1
Event: 0.923 Thread 0x0000000002e02800 Uncommon trap: reason=class_check action=maybe_recompile pc=0x0000000003177c20 method=com.sun.tools.javac.util.List.prependList(Lcom/sun/tools/javac/util/List;)Lcom/sun/tools/javac/util/List; @ 1
Event: 0.923 Thread 0x0000000002e02800 Uncommon trap: reason=class_check action=maybe_recompile pc=0x0000000003177c20 method=com.sun.tools.javac.util.List.prependList(Lcom/sun/tools/javac/util/List;)Lcom/sun/tools/javac/util/List; @ 1
Event: 0.923 Thread 0x0000000002e02800 Uncommon trap: reason=class_check action=maybe_recompile pc=0x0000000003177c20 method=com.sun.tools.javac.util.List.prependList(Lcom/sun/tools/javac/util/List;)Lcom/sun/tools/javac/util/List; @ 1

Internal exceptions (10 events):
Event: 0.039 Thread 0x0000000002e02800 Exception <a 'java/lang/NoSuchMethodError': Method sun.misc.Unsafe.prefetchRead(Ljava/lang/Object;J)V name or signature does not match> (0x00000000d5f07fc0) thrown at [C:\re\workspace\8-2-build-windows-amd64-cygwin\jdk8u111\7883\hotspot\src\share\vm\prims
Event: 0.094 Thread 0x0000000002e02800 Exception <a 'java/io/FileNotFoundException'> (0x00000000d5f5e3d0) thrown at [C:\re\workspace\8-2-build-windows-amd64-cygwin\jdk8u111\7883\hotspot\src\share\vm\prims\jni.cpp, line 709]
Event: 0.238 Thread 0x0000000002e02800 Exception <a 'java/security/PrivilegedActionException'> (0x00000000d6077ed8) thrown at [C:\re\workspace\8-2-build-windows-amd64-cygwin\jdk8u111\7883\hotspot\src\share\vm\prims\jvm.cpp, line 1386]
Event: 0.238 Thread 0x0000000002e02800 Exception <a 'java/security/PrivilegedActionException'> (0x00000000d60782d0) thrown at [C:\re\workspace\8-2-build-windows-amd64-cygwin\jdk8u111\7883\hotspot\src\share\vm\prims\jvm.cpp, line 1386]
Event: 0.240 Thread 0x0000000002e02800 Exception <a 'java/security/PrivilegedActionException'> (0x00000000d607c3a0) thrown at [C:\re\workspace\8-2-build-windows-amd64-cygwin\jdk8u111\7883\hotspot\src\share\vm\prims\jvm.cpp, line 1386]
Event: 0.240 Thread 0x0000000002e02800 Exception <a 'java/security/PrivilegedActionException'> (0x00000000d607c798) thrown at [C:\re\workspace\8-2-build-windows-amd64-cygwin\jdk8u111\7883\hotspot\src\share\vm\prims\jvm.cpp, line 1386]
Event: 0.248 Thread 0x0000000002e02800 Exception <a 'java/security/PrivilegedActionException'> (0x00000000d5f08df8) thrown at [C:\re\workspace\8-2-build-windows-amd64-cygwin\jdk8u111\7883\hotspot\src\share\vm\prims\jvm.cpp, line 1386]
Event: 0.248 Thread 0x0000000002e02800 Exception <a 'java/security/PrivilegedActionException'> (0x00000000d5f091f0) thrown at [C:\re\workspace\8-2-build-windows-amd64-cygwin\jdk8u111\7883\hotspot\src\share\vm\prims\jvm.cpp, line 1386]
Event: 0.778 Thread 0x0000000002e02800 Exception <a 'java/io/FileNotFoundException'> (0x00000000d5fe1128) thrown at [C:\re\workspace\8-2-build-windows-amd64-cygwin\jdk8u111\7883\hotspot\src\share\vm\prims\jni.cpp, line 709]
Event: 0.784 Thread 0x0000000002e02800 Exception <a 'java/io/FileNotFoundException'> (0x00000000d6037c00) thrown at [C:\re\workspace\8-2-build-windows-amd64-cygwin\jdk8u111\7883\hotspot\src\share\vm\prims\jni.cpp, line 709]

Events (10 events):
Event: 0.936 loading class com/sun/source/tree/Tree$Kind done
Event: 0.940 loading class javax/lang/model/element/ElementKind
Event: 0.940 loading class javax/lang/model/element/ElementKind done
Event: 0.940 loading class com/sun/tools/javac/code/TypeAnnotations$AnnotationType
Event: 0.940 loading class com/sun/tools/javac/code/TypeAnnotations$AnnotationType done
Event: 0.942 loading class com/sun/tools/javac/tree/Pretty
Event: 0.942 loading class com/sun/tools/javac/tree/Pretty done
Event: 0.943 loading class com/sun/tools/javac/tree/Pretty$UncheckedIOException
Event: 0.943 loading class com/sun/tools/javac/tree/Pretty$UncheckedIOException done
Event: 0.948 loading class com/sun/tools/javac/main/JavaCompiler$2


Dynamic libraries:
0x00007ff6b7e70000 - 0x00007ff6b7e77000 	C:\Program Files\Java\jdk1.8.0_111\bin\javac.exe
0x00007ffd76160000 - 0x00007ffd76350000 	C:\WINDOWS\SYSTEM32\ntdll.dll
0x00007ffd74bc0000 - 0x00007ffd74c72000 	C:\WINDOWS\System32\KERNEL32.DLL
0x00007ffd73690000 - 0x00007ffd73933000 	C:\WINDOWS\System32\KERNELBASE.dll
0x000000006c510000 - 0x000000006c53f000 	C:\Program Files\Java\jdk1.8.0_111\bin\jli.dll
0x000000006c3d0000 - 0x000000006c4a2000 	C:\Program Files\Java\jdk1.8.0_111\bin\MSVCR100.dll
0x00007ffd74240000 - 0x00007ffd742e3000 	C:\WINDOWS\System32\ADVAPI32.dll
0x00007ffd75c70000 - 0x00007ffd75d0e000 	C:\WINDOWS\System32\msvcrt.dll
0x00007ffd75bd0000 - 0x00007ffd75c67000 	C:\WINDOWS\System32\sechost.dll
0x00007ffd75f50000 - 0x00007ffd76070000 	C:\WINDOWS\System32\RPCRT4.dll
0x00007ffd74d80000 - 0x00007ffd74f14000 	C:\WINDOWS\System32\USER32.dll
0x00007ffd73560000 - 0x00007ffd73581000 	C:\WINDOWS\System32\win32u.dll
0x00007ffd754b0000 - 0x00007ffd754d6000 	C:\WINDOWS\System32\GDI32.dll
0x00007ffd731d0000 - 0x00007ffd73364000 	C:\WINDOWS\System32\gdi32full.dll
0x00007ffd5ca50000 - 0x00007ffd5ccd5000 	C:\WINDOWS\WinSxS\amd64_microsoft.windows.common-controls_6595b64144ccf1df_6.0.18362.720_none_e6beb5c51314836b\COMCTL32.dll
0x00007ffd734c0000 - 0x00007ffd7355e000 	C:\WINDOWS\System32\msvcp_win.dll
0x00007ffd74640000 - 0x00007ffd74976000 	C:\WINDOWS\System32\combase.dll
0x00007ffd73590000 - 0x00007ffd7368a000 	C:\WINDOWS\System32\ucrtbase.dll
0x00007ffd74130000 - 0x00007ffd741b0000 	C:\WINDOWS\System32\bcryptPrimitives.dll
0x00007ffd74210000 - 0x00007ffd7423e000 	C:\WINDOWS\System32\IMM32.DLL
0x000000006c8e0000 - 0x000000006c9b2000 	C:\Program Files\Java\jdk1.8.0_111\jre\bin\msvcr100.dll
0x000000006c9c0000 - 0x000000006d25a000 	C:\Program Files\Java\jdk1.8.0_111\jre\bin\server\jvm.dll
0x00007ffd75d10000 - 0x00007ffd75d18000 	C:\WINDOWS\System32\PSAPI.DLL
0x00007ffd6f210000 - 0x00007ffd6f219000 	C:\WINDOWS\SYSTEM32\WSOCK32.dll
0x00007ffd5dc40000 - 0x00007ffd5dc64000 	C:\WINDOWS\SYSTEM32\WINMM.dll
0x00007ffd75440000 - 0x00007ffd754af000 	C:\WINDOWS\System32\WS2_32.dll
0x00007ffd63e40000 - 0x00007ffd63e6d000 	C:\WINDOWS\SYSTEM32\winmmbase.dll
0x00007ffd6e7f0000 - 0x00007ffd6e7fa000 	C:\WINDOWS\SYSTEM32\VERSION.dll
0x00007ffd740c0000 - 0x00007ffd7410a000 	C:\WINDOWS\System32\cfgmgr32.dll
0x000000006c890000 - 0x000000006c89f000 	C:\Program Files\Java\jdk1.8.0_111\jre\bin\verify.dll
0x000000006c860000 - 0x000000006c889000 	C:\Program Files\Java\jdk1.8.0_111\jre\bin\java.dll
0x000000006c840000 - 0x000000006c856000 	C:\Program Files\Java\jdk1.8.0_111\jre\bin\zip.dll
0x00007ffd754e0000 - 0x00007ffd75bc5000 	C:\WINDOWS\System32\SHELL32.dll
0x00007ffd76070000 - 0x00007ffd76119000 	C:\WINDOWS\System32\shcore.dll
0x00007ffd73940000 - 0x00007ffd740c0000 	C:\WINDOWS\System32\windows.storage.dll
0x00007ffd730c0000 - 0x00007ffd730e3000 	C:\WINDOWS\System32\profapi.dll
0x00007ffd73030000 - 0x00007ffd7307a000 	C:\WINDOWS\System32\powrprof.dll
0x00007ffd73020000 - 0x00007ffd73030000 	C:\WINDOWS\System32\UMPDC.dll
0x00007ffd75d20000 - 0x00007ffd75d72000 	C:\WINDOWS\System32\shlwapi.dll
0x00007ffd73080000 - 0x00007ffd73091000 	C:\WINDOWS\System32\kernel.appcore.dll
0x00007ffd74110000 - 0x00007ffd74127000 	C:\WINDOWS\System32\cryptsp.dll

VM Arguments:
jvm_args: -Dapplication.home=C:\Program Files\Java\jdk1.8.0_111 -Xms8m 
java_command: com.sun.tools.javac.Main -d D:\SYSBACKUP\DOCUMENTOS\GitHub\ClientesInternet\ClientesInternet\build\classes -classpath D:\SYSBACKUP\DOCUMENTOS\GitHub\ClientesInternet\ClientesInternet\build\classes;C:\Program Files\NetBeans 8.2\ide\modules\ext\mysql-connector-java-5.1.23-bin.jar;C:\Program Files\NetBeans 8.2\java\modules\ext\AbsoluteLayout.jar;C:\Program Files\NetBeans 8.2\java\modules\ext\beansbinding-1.2.1.jar -sourcepath D:\SYSBACKUP\DOCUMENTOS\GitHub\ClientesInternet\ClientesInternet\build\empty -target 1.8 -encoding UTF-8 -g -processorpath C:\Program Files\NetBeans 8.2\ide\modules\ext\mysql-connector-java-5.1.23-bin.jar;C:\Program Files\NetBeans 8.2\java\modules\ext\AbsoluteLayout.jar;C:\Program Files\NetBeans 8.2\java\modules\ext\beansbinding-1.2.1.jar;D:\SYSBACKUP\DOCUMENTOS\GitHub\ClientesInternet\ClientesInternet\build\empty -s D:\SYSBACKUP\DOCUMENTOS\GitHub\ClientesInternet\ClientesInternet\build\generated-sources\ap-source-output -source 1.8 D:\SYSBACKUP\DOCUMENTOS\GitHub\ClientesInternet\ClientesInternet\src\estilos\EstiloEncabezadoTRecord.java
java_class_path (initial): C:\Program Files\Java\jdk1.8.0_111/lib/tools.jar;C:\Program Files\Java\jdk1.8.0_111/classes
Launcher Type: SUN_STANDARD

Environment Variables:
JAVA_HOME=C:\AI2U\JDK
PATH=C:\ProgramData\Oracle\Java\javapath;C:\Program Files (x86)\Rockwell Software\RSCommon;C:\Program Files (x86)\Intel\iCLS Client\;C:\Program Files\Intel\iCLS Client\;C:\WINDOWS\system32;C:\WINDOWS;C:\WINDOWS\System32\Wbem;C:\WINDOWS\System32\WindowsPowerShell\v1.0\;C:\Program Files (x86)\Intel\OpenCL SDK\2.0\bin\x86;C:\Program Files (x86)\Intel\OpenCL SDK\2.0\bin\x64;C:\Program Files\Intel\Intel(R) Management Engine Components\DAL;C:\Program Files (x86)\Intel\Intel(R) Management Engine Components\DAL;C:\Program Files\Intel\Intel(R) Management Engine Components\IPT;C:\Program Files (x86)\Intel\Intel(R) Management Engine Components\IPT;C:\WINDOWS\System32\OpenSSH\;C:\Program Files\Microsoft SQL Server\120\Tools\Binn\;C:\Program Files\Microsoft SQL Server\Client SDK\ODBC\110\Tools\Binn\;C:\Program Files (x86)\Microsoft SQL Server\120\Tools\Binn\;C:\Program Files\Microsoft SQL Server\120\DTS\Binn\;C:\Program Files (x86)\Microsoft SQL Server\120\Tools\Binn\ManagementStudio\;C:\Program Files (x86)\Microsoft SQL Server\120\DTS\Binn\;C:\Users\Cristhian\AppData\Local\M;C:\WINDOWS\system32;C:\WINDOWS;C:\WINDOWS\System32\Wbem;C:\WINDOWS\System32\WindowsPowerShell\v1.0\;C:\WINDOWS\System32\OpenSSH\;C:\Users\Cristhian\AppData\Local\Microsoft\WindowsApps;;C:\Users\Cristhian\AppData\Local\Programs\Microsoft VS Code\bin
USERNAME=Cristhian
OS=Windows_NT
PROCESSOR_IDENTIFIER=Intel64 Family 6 Model 58 Stepping 9, GenuineIntel



---------------  S Y S T E M  ---------------

OS: Windows 10.0 , 64 bit Build 18362 (10.0.18362.329)

CPU:total 4 (2 cores per cpu, 2 threads per core) family 6 model 58 stepping 9, cmov, cx8, fxsr, mmx, sse, sse2, sse3, ssse3, sse4.1, sse4.2, popcnt, avx, aes, clmul, erms, ht, tsc, tscinvbit, tscinv

Memory: 4k page, physical 8267272k(364720k free), swap 8267272k(5328k free)

vm_info: Java HotSpot(TM) 64-Bit Server VM (25.111-b14) for windows-amd64 JRE (1.8.0_111-b14), built on Sep 22 2016 19:24:05 by "java_re" with MS VC++ 10.0 (VS2010)

time: Sun Jul 05 12:39:44 2020
elapsed time: 1 seconds (0d 0h 0m 1s)

