#
# There is insufficient memory for the Java Runtime Environment to continue.
# Native memory allocation (malloc) failed to allocate 363216 bytes for Chunk::new
# Possible reasons:
#   The system is out of physical RAM or swap space
#   In 32 bit mode, the process size limit was hit
# Possible solutions:
#   Reduce memory load on the system
#   Increase physical memory or swap space
#   Check if swap backing store is full
#   Use 64 bit Java on a 64 bit OS
#   Decrease Java heap size (-Xmx/-Xms)
#   Decrease number of Java threads
#   Decrease Java thread stack sizes (-Xss)
#   Set larger code cache with -XX:ReservedCodeCacheSize=
# This output file may be truncated or incomplete.
#
#  Out of Memory Error (allocation.cpp:390), pid=5232, tid=0x0000000000003358
#
# JRE version: Java(TM) SE Runtime Environment (8.0_111-b14) (build 1.8.0_111-b14)
# Java VM: Java HotSpot(TM) 64-Bit Server VM (25.111-b14 mixed mode windows-amd64 compressed oops)
# Failed to write core dump. Minidumps are not enabled by default on client versions of Windows
#

---------------  T H R E A D  ---------------

Current thread (0x00000000170e7000):  JavaThread "C2 CompilerThread1" daemon [_thread_in_native, id=13144, stack(0x0000000018860000,0x0000000018960000)]

Stack: [0x0000000018860000,0x0000000018960000]
[error occurred during error reporting (printing stack bounds), id 0xc0000005]

Native frames: (J=compiled Java code, j=interpreted, Vv=VM code, C=native code)


Current CompileTask:
C2:   1627 1207       4       com.sun.tools.javac.comp.Resolve::findInheritedMemberType (202 bytes)


---------------  P R O C E S S  ---------------

Java Threads: ( => current thread )
  0x000000001713e000 JavaThread "Service Thread" daemon [_thread_blocked, id=8244, stack(0x0000000018e60000,0x0000000018f60000)]
  0x00000000170ed800 JavaThread "C1 CompilerThread2" daemon [_thread_blocked, id=10260, stack(0x0000000018960000,0x0000000018a60000)]
=>0x00000000170e7000 JavaThread "C2 CompilerThread1" daemon [_thread_in_native, id=13144, stack(0x0000000018860000,0x0000000018960000)]
  0x00000000170e1000 JavaThread "C2 CompilerThread0" daemon [_thread_in_native, id=15004, stack(0x0000000018760000,0x0000000018860000)]
  0x00000000170de800 JavaThread "Attach Listener" daemon [_thread_blocked, id=5196, stack(0x0000000018660000,0x0000000018760000)]
  0x00000000170dd000 JavaThread "Signal Dispatcher" daemon [_thread_blocked, id=9232, stack(0x0000000018560000,0x0000000018660000)]
  0x000000000259e800 JavaThread "Finalizer" daemon [_thread_blocked, id=9388, stack(0x0000000018340000,0x0000000018440000)]
  0x0000000002593000 JavaThread "Reference Handler" daemon [_thread_blocked, id=15916, stack(0x0000000018240000,0x0000000018340000)]
  0x00000000024a3800 JavaThread "main" [_thread_in_native, id=8464, stack(0x0000000002390000,0x0000000002490000)]

Other Threads:
  0x00000000170a6800 VMThread [stack: 0x0000000018140000,0x0000000018240000] [id=7124]
  0x0000000018a9f000 WatcherThread [stack: 0x00000000190d0000,0x00000000191d0000] [id=15876]

VM state:not at safepoint (normal execution)

VM Mutex/Monitor currently owned by a thread: None

Heap:
 PSYoungGen      total 15360K, used 5877K [0x00000000d5f00000, 0x00000000d7700000, 0x0000000100000000)
  eden space 10752K, 12% used [0x00000000d5f00000,0x00000000d6043558,0x00000000d6980000)
  from space 4608K, 99% used [0x00000000d7280000,0x00000000d76f9fd0,0x00000000d7700000)
  to   space 3584K, 0% used [0x00000000d6980000,0x00000000d6980000,0x00000000d6d00000)
 ParOldGen       total 10240K, used 5889K [0x0000000081c00000, 0x0000000082600000, 0x00000000d5f00000)
  object space 10240K, 57% used [0x0000000081c00000,0x00000000821c06a0,0x0000000082600000)
 Metaspace       used 9301K, capacity 9760K, committed 9856K, reserved 1058816K
  class space    used 1060K, capacity 1108K, committed 1152K, reserved 1048576K

Card table byte_map: [0x0000000011970000,0x0000000011d70000] byte_map_base: 0x0000000011562000

Marking Bits: (ParMarkBitMap*) 0x000000006d1da6c0
 Begin Bits: [0x0000000012420000, 0x00000000143b0000)
 End Bits:   [0x00000000143b0000, 0x0000000016340000)

Polling page: 0x0000000000b20000

CodeCache: size=245760Kb used=5558Kb max_used=5558Kb free=240201Kb
 bounds [0x00000000025b0000, 0x0000000002b30000, 0x00000000115b0000]
 total_blobs=1671 nmethods=1374 adapters=209
 compilation: enabled

Compilation events (10 events):
Event: 1.621 Thread 0x00000000170e1000 nmethod 1336 0x0000000002b151d0 code [0x0000000002b15320, 0x0000000002b153d8]
Event: 1.621 Thread 0x00000000170e1000 1337       4       com.sun.tools.javac.code.Types::isSameType (38 bytes)
Event: 1.623 Thread 0x00000000170ed800 nmethod 1375 0x0000000002b1a850 code [0x0000000002b1ada0, 0x0000000002b1e668]
Event: 1.623 Thread 0x00000000170ed800 1373       3       com.sun.tools.javac.code.Type::allparams (4 bytes)
Event: 1.623 Thread 0x00000000170e1000 nmethod 1337 0x0000000002b14e10 code [0x0000000002b14f60, 0x0000000002b15058]
Event: 1.623 Thread 0x00000000170e1000 1348       4       com.sun.tools.javac.code.Types::erasure (19 bytes)
Event: 1.623 Thread 0x00000000170ed800 nmethod 1373 0x0000000002b14a50 code [0x0000000002b14bc0, 0x0000000002b14d70]
Event: 1.623 Thread 0x00000000170ed800 1376       3       com.sun.tools.javac.code.Types$SignatureGenerator::assembleClassSig (225 bytes)
Event: 1.625 Thread 0x00000000170e1000 nmethod 1348 0x0000000002b14510 code [0x0000000002b14660, 0x0000000002b147d8]
Event: 1.625 Thread 0x00000000170e1000 1335       4       com.sun.tools.javac.code.Type$ClassType::isParameterized (16 bytes)

GC Heap History (10 events):
Event: 0.788 GC heap before
{Heap before GC invocations=5 (full 0):
 PSYoungGen      total 6656K, used 5974K [0x00000000d5f00000, 0x00000000d6600000, 0x0000000100000000)
  eden space 6144K, 89% used [0x00000000d5f00000,0x00000000d6459a68,0x00000000d6500000)
  from space 512K, 96% used [0x00000000d6580000,0x00000000d65fc010,0x00000000d6600000)
  to   space 512K, 0% used [0x00000000d6500000,0x00000000d6500000,0x00000000d6580000)
 ParOldGen       total 5632K, used 960K [0x0000000081c00000, 0x0000000082180000, 0x00000000d5f00000)
  object space 5632K, 17% used [0x0000000081c00000,0x0000000081cf0358,0x0000000082180000)
 Metaspace       used 7522K, capacity 8308K, committed 8448K, reserved 1056768K
  class space    used 903K, capacity 944K, committed 1024K, reserved 1048576K
Event: 0.792 GC heap after
Heap after GC invocations=5 (full 0):
 PSYoungGen      total 6656K, used 496K [0x00000000d5f00000, 0x00000000d6f00000, 0x0000000100000000)
  eden space 6144K, 0% used [0x00000000d5f00000,0x00000000d5f00000,0x00000000d6500000)
  from space 512K, 96% used [0x00000000d6500000,0x00000000d657c010,0x00000000d6580000)
  to   space 2048K, 0% used [0x00000000d6d00000,0x00000000d6d00000,0x00000000d6f00000)
 ParOldGen       total 5632K, used 2417K [0x0000000081c00000, 0x0000000082180000, 0x00000000d5f00000)
  object space 5632K, 42% used [0x0000000081c00000,0x0000000081e5c6c8,0x0000000082180000)
 Metaspace       used 7522K, capacity 8308K, committed 8448K, reserved 1056768K
  class space    used 903K, capacity 944K, committed 1024K, reserved 1048576K
}
Event: 0.830 GC heap before
{Heap before GC invocations=6 (full 0):
 PSYoungGen      total 6656K, used 6640K [0x00000000d5f00000, 0x00000000d6f00000, 0x0000000100000000)
  eden space 6144K, 100% used [0x00000000d5f00000,0x00000000d6500000,0x00000000d6500000)
  from space 512K, 96% used [0x00000000d6500000,0x00000000d657c010,0x00000000d6580000)
  to   space 2048K, 0% used [0x00000000d6d00000,0x00000000d6d00000,0x00000000d6f00000)
 ParOldGen       total 5632K, used 2417K [0x0000000081c00000, 0x0000000082180000, 0x00000000d5f00000)
  object space 5632K, 42% used [0x0000000081c00000,0x0000000081e5c6c8,0x0000000082180000)
 Metaspace       used 7537K, capacity 8308K, committed 8448K, reserved 1056768K
  class space    used 904K, capacity 944K, committed 1024K, reserved 1048576K
Event: 0.835 GC heap after
Heap after GC invocations=6 (full 0):
 PSYoungGen      total 12800K, used 2023K [0x00000000d5f00000, 0x00000000d7200000, 0x0000000100000000)
  eden space 10752K, 0% used [0x00000000d5f00000,0x00000000d5f00000,0x00000000d6980000)
  from space 2048K, 98% used [0x00000000d6d00000,0x00000000d6ef9ec0,0x00000000d6f00000)
  to   space 3584K, 0% used [0x00000000d6980000,0x00000000d6980000,0x00000000d6d00000)
 ParOldGen       total 5632K, used 4569K [0x0000000081c00000, 0x0000000082180000, 0x00000000d5f00000)
  object space 5632K, 81% used [0x0000000081c00000,0x00000000820766c8,0x0000000082180000)
 Metaspace       used 7537K, capacity 8308K, committed 8448K, reserved 1056768K
  class space    used 904K, capacity 944K, committed 1024K, reserved 1048576K
}
Event: 0.835 GC heap before
{Heap before GC invocations=7 (full 1):
 PSYoungGen      total 12800K, used 2023K [0x00000000d5f00000, 0x00000000d7200000, 0x0000000100000000)
  eden space 10752K, 0% used [0x00000000d5f00000,0x00000000d5f00000,0x00000000d6980000)
  from space 2048K, 98% used [0x00000000d6d00000,0x00000000d6ef9ec0,0x00000000d6f00000)
  to   space 3584K, 0% used [0x00000000d6980000,0x00000000d6980000,0x00000000d6d00000)
 ParOldGen       total 5632K, used 4569K [0x0000000081c00000, 0x0000000082180000, 0x00000000d5f00000)
  object space 5632K, 81% used [0x0000000081c00000,0x00000000820766c8,0x0000000082180000)
 Metaspace       used 7537K, capacity 8308K, committed 8448K, reserved 1056768K
  class space    used 904K, capacity 944K, committed 1024K, reserved 1048576K
Event: 0.884 GC heap after
Heap after GC invocations=7 (full 1):
 PSYoungGen      total 12800K, used 993K [0x00000000d5f00000, 0x00000000d7200000, 0x0000000100000000)
  eden space 10752K, 0% used [0x00000000d5f00000,0x00000000d5f00000,0x00000000d6980000)
  from space 2048K, 48% used [0x00000000d6d00000,0x00000000d6df86a8,0x00000000d6f00000)
  to   space 3584K, 0% used [0x00000000d6980000,0x00000000d6980000,0x00000000d6d00000)
 ParOldGen       total 10240K, used 5089K [0x0000000081c00000, 0x0000000082600000, 0x00000000d5f00000)
  object space 10240K, 49% used [0x0000000081c00000,0x00000000820f85b8,0x0000000082600000)
 Metaspace       used 7537K, capacity 8308K, committed 8448K, reserved 1056768K
  class space    used 904K, capacity 944K, committed 1024K, reserved 1048576K
}
Event: 1.097 GC heap before
{Heap before GC invocations=8 (full 1):
 PSYoungGen      total 12800K, used 11745K [0x00000000d5f00000, 0x00000000d7200000, 0x0000000100000000)
  eden space 10752K, 100% used [0x00000000d5f00000,0x00000000d6980000,0x00000000d6980000)
  from space 2048K, 48% used [0x00000000d6d00000,0x00000000d6df86a8,0x00000000d6f00000)
  to   space 3584K, 0% used [0x00000000d6980000,0x00000000d6980000,0x00000000d6d00000)
 ParOldGen       total 10240K, used 5089K [0x0000000081c00000, 0x0000000082600000, 0x00000000d5f00000)
  object space 10240K, 49% used [0x0000000081c00000,0x00000000820f85b8,0x0000000082600000)
 Metaspace       used 7847K, capacity 8564K, committed 8704K, reserved 1056768K
  class space    used 921K, capacity 944K, committed 1024K, reserved 1048576K
Event: 1.103 GC heap after
Heap after GC invocations=8 (full 1):
 PSYoungGen      total 14336K, used 3391K [0x00000000d5f00000, 0x00000000d7700000, 0x0000000100000000)
  eden space 10752K, 0% used [0x00000000d5f00000,0x00000000d5f00000,0x00000000d6980000)
  from space 3584K, 94% used [0x00000000d6980000,0x00000000d6ccfc30,0x00000000d6d00000)
  to   space 4608K, 0% used [0x00000000d7280000,0x00000000d7280000,0x00000000d7700000)
 ParOldGen       total 10240K, used 5097K [0x0000000081c00000, 0x0000000082600000, 0x00000000d5f00000)
  object space 10240K, 49% used [0x0000000081c00000,0x00000000820fa5b8,0x0000000082600000)
 Metaspace       used 7847K, capacity 8564K, committed 8704K, reserved 1056768K
  class space    used 921K, capacity 944K, committed 1024K, reserved 1048576K
}
Event: 1.546 GC heap before
{Heap before GC invocations=9 (full 1):
 PSYoungGen      total 14336K, used 14143K [0x00000000d5f00000, 0x00000000d7700000, 0x0000000100000000)
  eden space 10752K, 100% used [0x00000000d5f00000,0x00000000d6980000,0x00000000d6980000)
  from space 3584K, 94% used [0x00000000d6980000,0x00000000d6ccfc30,0x00000000d6d00000)
  to   space 4608K, 0% used [0x00000000d7280000,0x00000000d7280000,0x00000000d7700000)
 ParOldGen       total 10240K, used 5097K [0x0000000081c00000, 0x0000000082600000, 0x00000000d5f00000)
  object space 10240K, 49% used [0x0000000081c00000,0x00000000820fa5b8,0x0000000082600000)
 Metaspace       used 9189K, capacity 9696K, committed 9856K, reserved 1058816K
  class space    used 1056K, capacity 1108K, committed 1152K, reserved 1048576K
Event: 1.553 GC heap after
Heap after GC invocations=9 (full 1):
 PSYoungGen      total 15360K, used 4583K [0x00000000d5f00000, 0x00000000d7700000, 0x0000000100000000)
  eden space 10752K, 0% used [0x00000000d5f00000,0x00000000d5f00000,0x00000000d6980000)
  from space 4608K, 99% used [0x00000000d7280000,0x00000000d76f9fd0,0x00000000d7700000)
  to   space 3584K, 0% used [0x00000000d6980000,0x00000000d6980000,0x00000000d6d00000)
 ParOldGen       total 10240K, used 5889K [0x0000000081c00000, 0x0000000082600000, 0x00000000d5f00000)
  object space 10240K, 57% used [0x0000000081c00000,0x00000000821c06a0,0x0000000082600000)
 Metaspace       used 9189K, capacity 9696K, committed 9856K, reserved 1058816K
  class space    used 1056K, capacity 1108K, committed 1152K, reserved 1048576K
}

Deoptimization events (10 events):
Event: 1.369 Thread 0x00000000024a3800 Uncommon trap: reason=unstable_if action=reinterpret pc=0x000000000290c6d8 method=com.sun.tools.javac.util.ListBuffer.append(Ljava/lang/Object;)Lcom/sun/tools/javac/util/ListBuffer; @ 9
Event: 1.387 Thread 0x00000000024a3800 Uncommon trap: reason=class_check action=maybe_recompile pc=0x0000000002975098 method=java.util.HashMap.putVal(ILjava/lang/Object;Ljava/lang/Object;ZZ)Ljava/lang/Object; @ 253
Event: 1.388 Thread 0x00000000024a3800 Uncommon trap: reason=class_check action=maybe_recompile pc=0x0000000002906478 method=java.util.HashMap.putVal(ILjava/lang/Object;Ljava/lang/Object;ZZ)Ljava/lang/Object; @ 253
Event: 1.411 Thread 0x00000000024a3800 Uncommon trap: reason=unstable_if action=reinterpret pc=0x000000000298c8d0 method=java.lang.Integer.valueOf(I)Ljava/lang/Integer; @ 3
Event: 1.433 Thread 0x00000000024a3800 Uncommon trap: reason=unstable_if action=reinterpret pc=0x000000000294efb8 method=com.sun.tools.javac.code.Scope.dble()V @ 44
Event: 1.505 Thread 0x00000000024a3800 Uncommon trap: reason=class_check action=maybe_recompile pc=0x0000000002a8dc8c method=com.sun.tools.javac.code.Type$ClassType.allparams()Lcom/sun/tools/javac/util/List; @ 16
Event: 1.514 Thread 0x00000000024a3800 Uncommon trap: reason=class_check action=maybe_recompile pc=0x0000000002a8dc8c method=com.sun.tools.javac.code.Type$ClassType.allparams()Lcom/sun/tools/javac/util/List; @ 16
Event: 1.516 Thread 0x00000000024a3800 Uncommon trap: reason=class_check action=maybe_recompile pc=0x0000000002a8dc8c method=com.sun.tools.javac.code.Type$ClassType.allparams()Lcom/sun/tools/javac/util/List; @ 16
Event: 1.517 Thread 0x00000000024a3800 Uncommon trap: reason=class_check action=maybe_recompile pc=0x0000000002a8dc8c method=com.sun.tools.javac.code.Type$ClassType.allparams()Lcom/sun/tools/javac/util/List; @ 16
Event: 1.525 Thread 0x00000000024a3800 Uncommon trap: reason=class_check action=maybe_recompile pc=0x0000000002a02dcc method=com.sun.tools.javac.code.Type$ClassType.allparams()Lcom/sun/tools/javac/util/List; @ 16

Internal exceptions (10 events):
Event: 0.044 Thread 0x00000000024a3800 Exception <a 'java/lang/NoSuchMethodError': Method sun.misc.Unsafe.prefetchRead(Ljava/lang/Object;J)V name or signature does not match> (0x00000000d5f07fc0) thrown at [C:\re\workspace\8-2-build-windows-amd64-cygwin\jdk8u111\7883\hotspot\src\share\vm\prims
Event: 0.111 Thread 0x00000000024a3800 Exception <a 'java/io/FileNotFoundException'> (0x00000000d5f607a8) thrown at [C:\re\workspace\8-2-build-windows-amd64-cygwin\jdk8u111\7883\hotspot\src\share\vm\prims\jni.cpp, line 709]
Event: 0.189 Thread 0x00000000024a3800 Exception <a 'java/security/PrivilegedActionException'> (0x00000000d607bbe0) thrown at [C:\re\workspace\8-2-build-windows-amd64-cygwin\jdk8u111\7883\hotspot\src\share\vm\prims\jvm.cpp, line 1386]
Event: 0.189 Thread 0x00000000024a3800 Exception <a 'java/security/PrivilegedActionException'> (0x00000000d607bfd8) thrown at [C:\re\workspace\8-2-build-windows-amd64-cygwin\jdk8u111\7883\hotspot\src\share\vm\prims\jvm.cpp, line 1386]
Event: 0.194 Thread 0x00000000024a3800 Exception <a 'java/security/PrivilegedActionException'> (0x00000000d5f000e0) thrown at [C:\re\workspace\8-2-build-windows-amd64-cygwin\jdk8u111\7883\hotspot\src\share\vm\prims\jvm.cpp, line 1386]
Event: 0.194 Thread 0x00000000024a3800 Exception <a 'java/security/PrivilegedActionException'> (0x00000000d5f004d8) thrown at [C:\re\workspace\8-2-build-windows-amd64-cygwin\jdk8u111\7883\hotspot\src\share\vm\prims\jvm.cpp, line 1386]
Event: 0.198 Thread 0x00000000024a3800 Exception <a 'java/security/PrivilegedActionException'> (0x00000000d5f3d430) thrown at [C:\re\workspace\8-2-build-windows-amd64-cygwin\jdk8u111\7883\hotspot\src\share\vm\prims\jvm.cpp, line 1386]
Event: 0.198 Thread 0x00000000024a3800 Exception <a 'java/security/PrivilegedActionException'> (0x00000000d5f3d828) thrown at [C:\re\workspace\8-2-build-windows-amd64-cygwin\jdk8u111\7883\hotspot\src\share\vm\prims\jvm.cpp, line 1386]
Event: 0.818 Thread 0x00000000024a3800 Exception <a 'java/io/FileNotFoundException'> (0x00000000d632b308) thrown at [C:\re\workspace\8-2-build-windows-amd64-cygwin\jdk8u111\7883\hotspot\src\share\vm\prims\jni.cpp, line 709]
Event: 0.823 Thread 0x00000000024a3800 Exception <a 'java/io/FileNotFoundException'> (0x00000000d635f1d0) thrown at [C:\re\workspace\8-2-build-windows-amd64-cygwin\jdk8u111\7883\hotspot\src\share\vm\prims\jni.cpp, line 709]

Events (10 events):
Event: 1.517 Thread 0x00000000024a3800 DEOPT UNPACKING pc=0x00000000025f582a sp=0x000000000248daa0 mode 2
Event: 1.525 Thread 0x00000000024a3800 Uncommon trap: trap_request=0xffffffde fr.pc=0x0000000002a02dcc
Event: 1.525 Thread 0x00000000024a3800 DEOPT PACKING pc=0x0000000002a02dcc sp=0x000000000248dc30
Event: 1.525 Thread 0x00000000024a3800 DEOPT UNPACKING pc=0x00000000025f582a sp=0x000000000248db80 mode 2
Event: 1.546 Executing VM operation: ParallelGCFailedAllocation
Event: 1.553 Executing VM operation: ParallelGCFailedAllocation done
Event: 1.587 loading class com/sun/tools/javac/comp/Lower$FreeVarCollector
Event: 1.587 loading class com/sun/tools/javac/comp/Lower$FreeVarCollector done
Event: 1.588 loading class com/sun/tools/javac/comp/Lower$BasicFreeVarCollector
Event: 1.588 loading class com/sun/tools/javac/comp/Lower$BasicFreeVarCollector done


Dynamic libraries:
0x00007ff6b7e70000 - 0x00007ff6b7e77000 	C:\Program Files\Java\jdk1.8.0_111\bin\javac.exe
0x00007ffd76160000 - 0x00007ffd76350000 	C:\WINDOWS\SYSTEM32\ntdll.dll
0x00007ffd74bc0000 - 0x00007ffd74c72000 	C:\WINDOWS\System32\KERNEL32.DLL
0x00007ffd73690000 - 0x00007ffd73933000 	C:\WINDOWS\System32\KERNELBASE.dll
0x000000006c510000 - 0x000000006c53f000 	C:\Program Files\Java\jdk1.8.0_111\bin\jli.dll
0x000000006c3d0000 - 0x000000006c4a2000 	C:\Program Files\Java\jdk1.8.0_111\bin\MSVCR100.dll
0x00007ffd74240000 - 0x00007ffd742e3000 	C:\WINDOWS\System32\ADVAPI32.dll
0x00007ffd75c70000 - 0x00007ffd75d0e000 	C:\WINDOWS\System32\msvcrt.dll
0x00007ffd75bd0000 - 0x00007ffd75c67000 	C:\WINDOWS\System32\sechost.dll
0x00007ffd75f50000 - 0x00007ffd76070000 	C:\WINDOWS\System32\RPCRT4.dll
0x00007ffd74d80000 - 0x00007ffd74f14000 	C:\WINDOWS\System32\USER32.dll
0x00007ffd73560000 - 0x00007ffd73581000 	C:\WINDOWS\System32\win32u.dll
0x00007ffd754b0000 - 0x00007ffd754d6000 	C:\WINDOWS\System32\GDI32.dll
0x00007ffd731d0000 - 0x00007ffd73364000 	C:\WINDOWS\System32\gdi32full.dll
0x00007ffd5ca50000 - 0x00007ffd5ccd5000 	C:\WINDOWS\WinSxS\amd64_microsoft.windows.common-controls_6595b64144ccf1df_6.0.18362.720_none_e6beb5c51314836b\COMCTL32.dll
0x00007ffd734c0000 - 0x00007ffd7355e000 	C:\WINDOWS\System32\msvcp_win.dll
0x00007ffd73590000 - 0x00007ffd7368a000 	C:\WINDOWS\System32\ucrtbase.dll
0x00007ffd74640000 - 0x00007ffd74976000 	C:\WINDOWS\System32\combase.dll
0x00007ffd74130000 - 0x00007ffd741b0000 	C:\WINDOWS\System32\bcryptPrimitives.dll
0x00007ffd74210000 - 0x00007ffd7423e000 	C:\WINDOWS\System32\IMM32.DLL
0x000000006c8e0000 - 0x000000006c9b2000 	C:\Program Files\Java\jdk1.8.0_111\jre\bin\msvcr100.dll
0x000000006c9c0000 - 0x000000006d25a000 	C:\Program Files\Java\jdk1.8.0_111\jre\bin\server\jvm.dll
0x00007ffd75d10000 - 0x00007ffd75d18000 	C:\WINDOWS\System32\PSAPI.DLL
0x00007ffd6f210000 - 0x00007ffd6f219000 	C:\WINDOWS\SYSTEM32\WSOCK32.dll
0x00007ffd6e7f0000 - 0x00007ffd6e7fa000 	C:\WINDOWS\SYSTEM32\VERSION.dll
0x00007ffd5dc40000 - 0x00007ffd5dc64000 	C:\WINDOWS\SYSTEM32\WINMM.dll
0x00007ffd75440000 - 0x00007ffd754af000 	C:\WINDOWS\System32\WS2_32.dll
0x00007ffd63e40000 - 0x00007ffd63e6d000 	C:\WINDOWS\SYSTEM32\winmmbase.dll
0x00007ffd740c0000 - 0x00007ffd7410a000 	C:\WINDOWS\System32\cfgmgr32.dll
0x000000006c890000 - 0x000000006c89f000 	C:\Program Files\Java\jdk1.8.0_111\jre\bin\verify.dll
0x000000006c860000 - 0x000000006c889000 	C:\Program Files\Java\jdk1.8.0_111\jre\bin\java.dll
0x000000006c840000 - 0x000000006c856000 	C:\Program Files\Java\jdk1.8.0_111\jre\bin\zip.dll
0x00007ffd754e0000 - 0x00007ffd75bc5000 	C:\WINDOWS\System32\SHELL32.dll
0x00007ffd76070000 - 0x00007ffd76119000 	C:\WINDOWS\System32\shcore.dll
0x00007ffd73940000 - 0x00007ffd740c0000 	C:\WINDOWS\System32\windows.storage.dll
0x00007ffd730c0000 - 0x00007ffd730e3000 	C:\WINDOWS\System32\profapi.dll
0x00007ffd73030000 - 0x00007ffd7307a000 	C:\WINDOWS\System32\powrprof.dll
0x00007ffd73020000 - 0x00007ffd73030000 	C:\WINDOWS\System32\UMPDC.dll
0x00007ffd75d20000 - 0x00007ffd75d72000 	C:\WINDOWS\System32\shlwapi.dll
0x00007ffd73080000 - 0x00007ffd73091000 	C:\WINDOWS\System32\kernel.appcore.dll
0x00007ffd74110000 - 0x00007ffd74127000 	C:\WINDOWS\System32\cryptsp.dll

VM Arguments:
jvm_args: -Dapplication.home=C:\Program Files\Java\jdk1.8.0_111 -Xms8m 
java_command: com.sun.tools.javac.Main -d D:\SYSBACKUP\DOCUMENTOS\GitHub\ClientesInternet\ClientesInternet\build\classes -classpath D:\SYSBACKUP\DOCUMENTOS\GitHub\ClientesInternet\ClientesInternet\build\classes;C:\Program Files\NetBeans 8.2\ide\modules\ext\mysql-connector-java-5.1.23-bin.jar;C:\Program Files\NetBeans 8.2\java\modules\ext\AbsoluteLayout.jar;C:\Program Files\NetBeans 8.2\java\modules\ext\beansbinding-1.2.1.jar -sourcepath D:\SYSBACKUP\DOCUMENTOS\GitHub\ClientesInternet\ClientesInternet\build\empty -target 1.8 -encoding UTF-8 -g -processorpath C:\Program Files\NetBeans 8.2\ide\modules\ext\mysql-connector-java-5.1.23-bin.jar;C:\Program Files\NetBeans 8.2\java\modules\ext\AbsoluteLayout.jar;C:\Program Files\NetBeans 8.2\java\modules\ext\beansbinding-1.2.1.jar;D:\SYSBACKUP\DOCUMENTOS\GitHub\ClientesInternet\ClientesInternet\build\empty -s D:\SYSBACKUP\DOCUMENTOS\GitHub\ClientesInternet\ClientesInternet\build\generated-sources\ap-source-output -source 1.8 D:\SYSBACKUP\DOCUMENTOS\GitHub\ClientesInternet\ClientesInternet\src\conexion\conexion.java D:\SYSBACKUP\DOCUMENTOS\GitHub\ClientesInternet\ClientesInternet\src\conexion\login.java D:\SYSBACKUP\DOCUMENTOS\GitHub\ClientesInternet\ClientesInternet\src\estilos\EstiloEncabezadoTCobro.java D:\SYSBACKUP\DOCUMENTOS\GitHub\ClientesInternet\ClientesInternet\src\estilos\GestionCeldas.java D:\SYSBACKUP\DOCUMENTOS\GitHub\ClientesInternet\ClientesInternet\src\estilos\GestionEncabezadoTabla.java D:\SYSBACKUP\DOCUMENTOS\GitHub\ClientesInternet\ClientesInternet\src\interfaces\AdministrarUsuario.java D:\SYSBACKUP\DOCUMENTOS\GitHub\ClientesInternet\ClientesInternet\src\interfaces\Cobros.java D:\SYSBACKUP\DOCUMENTOS\GitHub\ClientesInternet\ClientesInternet\src\interfaces\EstadoCliente.java D:\SYSBACKUP\DOCUMENTOS\GitHub\ClientesInternet\ClientesInternet\src\interfaces\ListarUsuarios.java D:\SYSBACKUP\DOCUMENTOS\GitHub\ClientesInternet\ClientesInternet\src\interfaces\Login.java D:\SYSBACKUP\DOCUMENTOS\GitHub\ClientesIntern
java_class_path (initial): C:\Program Files\Java\jdk1.8.0_111/lib/tools.jar;C:\Program Files\Java\jdk1.8.0_111/classes
Launcher Type: SUN_STANDARD

Environment Variables:
JAVA_HOME=C:\AI2U\JDK
PATH=C:\ProgramData\Oracle\Java\javapath;C:\Program Files (x86)\Rockwell Software\RSCommon;C:\Program Files (x86)\Intel\iCLS Client\;C:\Program Files\Intel\iCLS Client\;C:\WINDOWS\system32;C:\WINDOWS;C:\WINDOWS\System32\Wbem;C:\WINDOWS\System32\WindowsPowerShell\v1.0\;C:\Program Files (x86)\Intel\OpenCL SDK\2.0\bin\x86;C:\Program Files (x86)\Intel\OpenCL SDK\2.0\bin\x64;C:\Program Files\Intel\Intel(R) Management Engine Components\DAL;C:\Program Files (x86)\Intel\Intel(R) Management Engine Components\DAL;C:\Program Files\Intel\Intel(R) Management Engine Components\IPT;C:\Program Files (x86)\Intel\Intel(R) Management Engine Components\IPT;C:\WINDOWS\System32\OpenSSH\;C:\Program Files\Microsoft SQL Server\120\Tools\Binn\;C:\Program Files\Microsoft SQL Server\Client SDK\ODBC\110\Tools\Binn\;C:\Program Files (x86)\Microsoft SQL Server\120\Tools\Binn\;C:\Program Files\Microsoft SQL Server\120\DTS\Binn\;C:\Program Files (x86)\Microsoft SQL Server\120\Tools\Binn\ManagementStudio\;C:\Program Files (x86)\Microsoft SQL Server\120\DTS\Binn\;C:\Users\Cristhian\AppData\Local\M;C:\WINDOWS\system32;C:\WINDOWS;C:\WINDOWS\System32\Wbem;C:\WINDOWS\System32\WindowsPowerShell\v1.0\;C:\WINDOWS\System32\OpenSSH\;C:\Users\Cristhian\AppData\Local\Microsoft\WindowsApps;;C:\Users\Cristhian\AppData\Local\Programs\Microsoft VS Code\bin
USERNAME=Cristhian
OS=Windows_NT
PROCESSOR_IDENTIFIER=Intel64 Family 6 Model 58 Stepping 9, GenuineIntel



---------------  S Y S T E M  ---------------

OS: Windows 10.0 , 64 bit Build 18362 (10.0.18362.329)

CPU:total 4 (2 cores per cpu, 2 threads per core) family 6 model 58 stepping 9, cmov, cx8, fxsr, mmx, sse, sse2, sse3, ssse3, sse4.1, sse4.2, popcnt, avx, aes, clmul, erms, ht, tsc, tscinvbit, tscinv

Memory: 4k page, physical 8267272k(347032k free), swap 8267272k(5144k free)

vm_info: Java HotSpot(TM) 64-Bit Server VM (25.111-b14) for windows-amd64 JRE (1.8.0_111-b14), built on Sep 22 2016 19:24:05 by "java_re" with MS VC++ 10.0 (VS2010)

time: Sun Jul 05 12:44:02 2020
elapsed time: 1 seconds (0d 0h 0m 1s)

