#
# There is insufficient memory for the Java Runtime Environment to continue.
# Native memory allocation (malloc) failed to allocate 427216 bytes for Chunk::new
# Possible reasons:
#   The system is out of physical RAM or swap space
#   In 32 bit mode, the process size limit was hit
# Possible solutions:
#   Reduce memory load on the system
#   Increase physical memory or swap space
#   Check if swap backing store is full
#   Use 64 bit Java on a 64 bit OS
#   Decrease Java heap size (-Xmx/-Xms)
#   Decrease number of Java threads
#   Decrease Java thread stack sizes (-Xss)
#   Set larger code cache with -XX:ReservedCodeCacheSize=
# This output file may be truncated or incomplete.
#
#  Out of Memory Error (allocation.cpp:390), pid=12432, tid=0x00000000000018c0
#
# JRE version: Java(TM) SE Runtime Environment (8.0_111-b14) (build 1.8.0_111-b14)
# Java VM: Java HotSpot(TM) 64-Bit Server VM (25.111-b14 mixed mode windows-amd64 compressed oops)
# Failed to write core dump. Minidumps are not enabled by default on client versions of Windows
#

---------------  T H R E A D  ---------------

Current thread (0x0000000017dee800):  JavaThread "C2 CompilerThread0" daemon [_thread_in_native, id=6336, stack(0x0000000019480000,0x0000000019580000)]

Stack: [0x0000000019480000,0x0000000019580000]
[error occurred during error reporting (printing stack bounds), id 0xc0000005]

Native frames: (J=compiled Java code, j=interpreted, Vv=VM code, C=native code)


Current CompileTask:
C2:   5399 1489       4       java.awt.EventQueue$3::run (5 bytes)


---------------  P R O C E S S  ---------------

Java Threads: ( => current thread )
  0x000000001a2fc000 JavaThread "TimerQueue" daemon [_thread_in_vm, id=14548, stack(0x000000001b450000,0x000000001b550000)]
  0x0000000019f8c000 JavaThread "Image Fetcher 0" daemon [_thread_blocked, id=3224, stack(0x000000001b250000,0x000000001b350000)]
  0x00000000030be000 JavaThread "DestroyJavaVM" [_thread_blocked, id=15456, stack(0x00000000030c0000,0x00000000031c0000)]
  0x0000000019b71000 JavaThread "AWT-EventQueue-0" [_thread_blocked, id=15776, stack(0x000000001af50000,0x000000001b050000)]
  0x0000000019b59800 JavaThread "AWT-Windows" daemon [_thread_in_native, id=13720, stack(0x000000001a8f0000,0x000000001a9f0000)]
  0x0000000019b57000 JavaThread "AWT-Shutdown" [_thread_blocked, id=2876, stack(0x000000001a7f0000,0x000000001a8f0000)]
  0x0000000019b55000 JavaThread "Java2D Disposer" daemon [_thread_blocked, id=15440, stack(0x000000001a6f0000,0x000000001a7f0000)]
  0x00000000197a0800 JavaThread "Service Thread" daemon [_thread_blocked, id=14316, stack(0x0000000019b80000,0x0000000019c80000)]
  0x0000000017df9800 JavaThread "C1 CompilerThread2" daemon [_thread_blocked, id=14568, stack(0x0000000019680000,0x0000000019780000)]
  0x0000000017df2800 JavaThread "C2 CompilerThread1" daemon [_thread_in_native, id=7140, stack(0x0000000019580000,0x0000000019680000)]
=>0x0000000017dee800 JavaThread "C2 CompilerThread0" daemon [_thread_in_native, id=6336, stack(0x0000000019480000,0x0000000019580000)]
  0x0000000017dec000 JavaThread "Attach Listener" daemon [_thread_blocked, id=7344, stack(0x0000000019380000,0x0000000019480000)]
  0x0000000017dea800 JavaThread "Signal Dispatcher" daemon [_thread_blocked, id=2996, stack(0x0000000019280000,0x0000000019380000)]
  0x00000000032ba000 JavaThread "Finalizer" daemon [_thread_blocked, id=6256, stack(0x0000000019060000,0x0000000019160000)]
  0x00000000032b1000 JavaThread "Reference Handler" daemon [_thread_blocked, id=15004, stack(0x0000000018f60000,0x0000000019060000)]

Other Threads:
  0x0000000017db7000 VMThread [stack: 0x0000000018e60000,0x0000000018f60000] [id=15416]
  0x00000000197ce000 WatcherThread [stack: 0x0000000019df0000,0x0000000019ef0000] [id=16044]

VM state:not at safepoint (normal execution)

VM Mutex/Monitor currently owned by a thread: None

Heap:
 PSYoungGen      total 71680K, used 52181K [0x00000000d5f00000, 0x00000000daa00000, 0x0000000100000000)
  eden space 66560K, 78% used [0x00000000d5f00000,0x00000000d9231808,0x00000000da000000)
  from space 5120K, 4% used [0x00000000da000000,0x00000000da036608,0x00000000da500000)
  to   space 5120K, 0% used [0x00000000da500000,0x00000000da500000,0x00000000daa00000)
 ParOldGen       total 87552K, used 25976K [0x0000000081c00000, 0x0000000087180000, 0x00000000d5f00000)
  object space 87552K, 29% used [0x0000000081c00000,0x000000008355e268,0x0000000087180000)
 Metaspace       used 14828K, capacity 15042K, committed 15360K, reserved 1062912K
  class space    used 1876K, capacity 1963K, committed 2048K, reserved 1048576K

Card table byte_map: [0x0000000012680000,0x0000000012a80000] byte_map_base: 0x0000000012272000

Marking Bits: (ParMarkBitMap*) 0x000000006d1da6c0
 Begin Bits: [0x0000000013130000, 0x00000000150c0000)
 End Bits:   [0x00000000150c0000, 0x0000000017050000)

Polling page: 0x0000000001800000

CodeCache: size=245760Kb used=5336Kb max_used=5353Kb free=240423Kb
 bounds [0x00000000032c0000, 0x0000000003810000, 0x00000000122c0000]
 total_blobs=2007 nmethods=1482 adapters=437
 compilation: enabled

Compilation events (10 events):
Event: 5.259 Thread 0x0000000017dee800 nmethod 1486 0x00000000037eff90 code [0x00000000037f00e0, 0x00000000037f02b8]
Event: 5.260 Thread 0x0000000017dee800 1487   !   4       java.awt.EventQueue::getNextEvent (84 bytes)
Event: 5.260 Thread 0x0000000017df9800 1488 % !   3       javax.swing.TimerQueue::run @ 9 (242 bytes)
Event: 5.263 Thread 0x0000000017df9800 nmethod 1488% 0x00000000037f3bd0 code [0x00000000037f3fa0, 0x00000000037f6198]
Event: 5.266 Thread 0x0000000017df2800 nmethod 1485 0x00000000037f1750 code [0x00000000037f1920, 0x00000000037f1f30]
Event: 5.266 Thread 0x0000000017df2800 1492   !   4       java.awt.EventDispatchThread::pumpOneEventForFilters (295 bytes)
Event: 5.293 Thread 0x0000000017dee800 nmethod 1487 0x00000000037fb890 code [0x00000000037fbb00, 0x00000000037fc5c8]
Event: 5.293 Thread 0x0000000017dee800 1489       4       java.awt.EventQueue$3::run (5 bytes)
Event: 5.338 Thread 0x0000000017df2800 nmethod 1492 0x00000000037fd610 code [0x00000000037fd900, 0x00000000037feef8]
Event: 5.338 Thread 0x0000000017df2800 1490       4       java.awt.EventQueue$3::run (60 bytes)

GC Heap History (10 events):
Event: 2.212 GC heap before
{Heap before GC invocations=5 (full 0):
 PSYoungGen      total 71680K, used 71196K [0x00000000d5f00000, 0x00000000daa00000, 0x0000000100000000)
  eden space 66560K, 100% used [0x00000000d5f00000,0x00000000da000000,0x00000000da000000)
  from space 5120K, 90% used [0x00000000da500000,0x00000000da9873b0,0x00000000daa00000)
  to   space 5120K, 0% used [0x00000000da000000,0x00000000da000000,0x00000000da500000)
 ParOldGen       total 87552K, used 11220K [0x0000000081c00000, 0x0000000087180000, 0x00000000d5f00000)
  object space 87552K, 12% used [0x0000000081c00000,0x00000000826f5050,0x0000000087180000)
 Metaspace       used 14235K, capacity 14422K, committed 14592K, reserved 1062912K
  class space    used 1828K, capacity 1927K, committed 2048K, reserved 1048576K
Event: 2.218 GC heap after
Heap after GC invocations=5 (full 0):
 PSYoungGen      total 71680K, used 4732K [0x00000000d5f00000, 0x00000000daa00000, 0x0000000100000000)
  eden space 66560K, 0% used [0x00000000d5f00000,0x00000000d5f00000,0x00000000da000000)
  from space 5120K, 92% used [0x00000000da000000,0x00000000da49f390,0x00000000da500000)
  to   space 5120K, 0% used [0x00000000da500000,0x00000000da500000,0x00000000daa00000)
 ParOldGen       total 87552K, used 11228K [0x0000000081c00000, 0x0000000087180000, 0x00000000d5f00000)
  object space 87552K, 12% used [0x0000000081c00000,0x00000000826f7050,0x0000000087180000)
 Metaspace       used 14235K, capacity 14422K, committed 14592K, reserved 1062912K
  class space    used 1828K, capacity 1927K, committed 2048K, reserved 1048576K
}
Event: 3.006 GC heap before
{Heap before GC invocations=6 (full 0):
 PSYoungGen      total 71680K, used 71292K [0x00000000d5f00000, 0x00000000daa00000, 0x0000000100000000)
  eden space 66560K, 100% used [0x00000000d5f00000,0x00000000da000000,0x00000000da000000)
  from space 5120K, 92% used [0x00000000da000000,0x00000000da49f390,0x00000000da500000)
  to   space 5120K, 0% used [0x00000000da500000,0x00000000da500000,0x00000000daa00000)
 ParOldGen       total 87552K, used 11228K [0x0000000081c00000, 0x0000000087180000, 0x00000000d5f00000)
  object space 87552K, 12% used [0x0000000081c00000,0x00000000826f7050,0x0000000087180000)
 Metaspace       used 14453K, capacity 14722K, committed 14848K, reserved 1062912K
  class space    used 1861K, capacity 1963K, committed 2048K, reserved 1048576K
Event: 3.012 GC heap after
Heap after GC invocations=6 (full 0):
 PSYoungGen      total 71680K, used 3538K [0x00000000d5f00000, 0x00000000daa00000, 0x0000000100000000)
  eden space 66560K, 0% used [0x00000000d5f00000,0x00000000d5f00000,0x00000000da000000)
  from space 5120K, 69% used [0x00000000da500000,0x00000000da874ba0,0x00000000daa00000)
  to   space 5120K, 0% used [0x00000000da000000,0x00000000da000000,0x00000000da500000)
 ParOldGen       total 87552K, used 22521K [0x0000000081c00000, 0x0000000087180000, 0x00000000d5f00000)
  object space 87552K, 25% used [0x0000000081c00000,0x00000000831fe688,0x0000000087180000)
 Metaspace       used 14453K, capacity 14722K, committed 14848K, reserved 1062912K
  class space    used 1861K, capacity 1963K, committed 2048K, reserved 1048576K
}
Event: 3.883 GC heap before
{Heap before GC invocations=7 (full 0):
 PSYoungGen      total 71680K, used 70098K [0x00000000d5f00000, 0x00000000daa00000, 0x0000000100000000)
  eden space 66560K, 100% used [0x00000000d5f00000,0x00000000da000000,0x00000000da000000)
  from space 5120K, 69% used [0x00000000da500000,0x00000000da874ba0,0x00000000daa00000)
  to   space 5120K, 0% used [0x00000000da000000,0x00000000da000000,0x00000000da500000)
 ParOldGen       total 87552K, used 22521K [0x0000000081c00000, 0x0000000087180000, 0x00000000d5f00000)
  object space 87552K, 25% used [0x0000000081c00000,0x00000000831fe688,0x0000000087180000)
 Metaspace       used 14810K, capacity 15042K, committed 15360K, reserved 1062912K
  class space    used 1875K, capacity 1963K, committed 2048K, reserved 1048576K
Event: 3.888 GC heap after
Heap after GC invocations=7 (full 0):
 PSYoungGen      total 71680K, used 441K [0x00000000d5f00000, 0x00000000daa00000, 0x0000000100000000)
  eden space 66560K, 0% used [0x00000000d5f00000,0x00000000d5f00000,0x00000000da000000)
  from space 5120K, 8% used [0x00000000da000000,0x00000000da06e500,0x00000000da500000)
  to   space 5120K, 0% used [0x00000000da500000,0x00000000da500000,0x00000000daa00000)
 ParOldGen       total 87552K, used 25767K [0x0000000081c00000, 0x0000000087180000, 0x00000000d5f00000)
  object space 87552K, 29% used [0x0000000081c00000,0x0000000083529d88,0x0000000087180000)
 Metaspace       used 14810K, capacity 15042K, committed 15360K, reserved 1062912K
  class space    used 1875K, capacity 1963K, committed 2048K, reserved 1048576K
}
Event: 4.505 GC heap before
{Heap before GC invocations=8 (full 0):
 PSYoungGen      total 71680K, used 67001K [0x00000000d5f00000, 0x00000000daa00000, 0x0000000100000000)
  eden space 66560K, 100% used [0x00000000d5f00000,0x00000000da000000,0x00000000da000000)
  from space 5120K, 8% used [0x00000000da000000,0x00000000da06e500,0x00000000da500000)
  to   space 5120K, 0% used [0x00000000da500000,0x00000000da500000,0x00000000daa00000)
 ParOldGen       total 87552K, used 25767K [0x0000000081c00000, 0x0000000087180000, 0x00000000d5f00000)
  object space 87552K, 29% used [0x0000000081c00000,0x0000000083529d88,0x0000000087180000)
 Metaspace       used 14816K, capacity 15042K, committed 15360K, reserved 1062912K
  class space    used 1876K, capacity 1963K, committed 2048K, reserved 1048576K
Event: 4.506 GC heap after
Heap after GC invocations=8 (full 0):
 PSYoungGen      total 71680K, used 345K [0x00000000d5f00000, 0x00000000daa00000, 0x0000000100000000)
  eden space 66560K, 0% used [0x00000000d5f00000,0x00000000d5f00000,0x00000000da000000)
  from space 5120K, 6% used [0x00000000da500000,0x00000000da556608,0x00000000daa00000)
  to   space 5120K, 0% used [0x00000000da000000,0x00000000da000000,0x00000000da500000)
 ParOldGen       total 87552K, used 25852K [0x0000000081c00000, 0x0000000087180000, 0x00000000d5f00000)
  object space 87552K, 29% used [0x0000000081c00000,0x000000008353f338,0x0000000087180000)
 Metaspace       used 14816K, capacity 15042K, committed 15360K, reserved 1062912K
  class space    used 1876K, capacity 1963K, committed 2048K, reserved 1048576K
}
Event: 4.942 GC heap before
{Heap before GC invocations=9 (full 0):
 PSYoungGen      total 71680K, used 66905K [0x00000000d5f00000, 0x00000000daa00000, 0x0000000100000000)
  eden space 66560K, 100% used [0x00000000d5f00000,0x00000000da000000,0x00000000da000000)
  from space 5120K, 6% used [0x00000000da500000,0x00000000da556608,0x00000000daa00000)
  to   space 5120K, 0% used [0x00000000da000000,0x00000000da000000,0x00000000da500000)
 ParOldGen       total 87552K, used 25852K [0x0000000081c00000, 0x0000000087180000, 0x00000000d5f00000)
  object space 87552K, 29% used [0x0000000081c00000,0x000000008353f338,0x0000000087180000)
 Metaspace       used 14819K, capacity 15042K, committed 15360K, reserved 1062912K
  class space    used 1876K, capacity 1963K, committed 2048K, reserved 1048576K
Event: 4.943 GC heap after
Heap after GC invocations=9 (full 0):
 PSYoungGen      total 71680K, used 217K [0x00000000d5f00000, 0x00000000daa00000, 0x0000000100000000)
  eden space 66560K, 0% used [0x00000000d5f00000,0x00000000d5f00000,0x00000000da000000)
  from space 5120K, 4% used [0x00000000da000000,0x00000000da036608,0x00000000da500000)
  to   space 5120K, 0% used [0x00000000da500000,0x00000000da500000,0x00000000daa00000)
 ParOldGen       total 87552K, used 25976K [0x0000000081c00000, 0x0000000087180000, 0x00000000d5f00000)
  object space 87552K, 29% used [0x0000000081c00000,0x000000008355e268,0x0000000087180000)
 Metaspace       used 14819K, capacity 15042K, committed 15360K, reserved 1062912K
  class space    used 1876K, capacity 1963K, committed 2048K, reserved 1048576K
}

Deoptimization events (10 events):
Event: 5.238 Thread 0x0000000019b71000 Uncommon trap: reason=class_check action=maybe_recompile pc=0x000000000376d7f8 method=java.awt.EventQueue.setCurrentEventAndMostRecentTimeImpl(Ljava/awt/AWTEvent;)V @ 128
Event: 5.239 Thread 0x000000001a2fc000 Uncommon trap: reason=unstable_if action=reinterpret pc=0x00000000036f7a5c method=java.util.concurrent.locks.AbstractQueuedSynchronizer.acquireInterruptibly(I)V @ 19
Event: 5.241 Thread 0x0000000019b71000 Uncommon trap: reason=class_check action=maybe_recompile pc=0x00000000037854d0 method=java.awt.EventQueue.dispatchEventImpl(Ljava/awt/AWTEvent;Ljava/lang/Object;)V @ 6
Event: 5.241 Thread 0x0000000019b71000 Uncommon trap: reason=speculate_class_check action=maybe_recompile pc=0x00000000037d282c method=java.awt.EventQueue.eventToCacheIndex(Ljava/awt/AWTEvent;)I @ 68
Event: 5.241 Thread 0x0000000019b71000 Uncommon trap: reason=speculate_class_check action=maybe_recompile pc=0x00000000037d6e08 method=java.awt.EventQueue.eventToCacheIndex(Ljava/awt/AWTEvent;)I @ 68
Event: 5.241 Thread 0x0000000019b71000 Uncommon trap: reason=speculate_class_check action=maybe_recompile pc=0x00000000037dfa28 method=java.awt.EventQueue.eventToCacheIndex(Ljava/awt/AWTEvent;)I @ 68
Event: 5.246 Thread 0x0000000019b71000 Uncommon trap: reason=speculate_class_check action=maybe_recompile pc=0x00000000037eb414 method=java.awt.EventQueue.eventToCacheIndex(Ljava/awt/AWTEvent;)I @ 68
Event: 5.247 Thread 0x0000000019b71000 Uncommon trap: reason=class_check action=maybe_recompile pc=0x00000000037b8cd4 method=java.awt.EventQueue.dispatchEventImpl(Ljava/awt/AWTEvent;Ljava/lang/Object;)V @ 6
Event: 5.247 Thread 0x0000000019b71000 Uncommon trap: reason=speculate_class_check action=maybe_recompile pc=0x00000000037a56b8 method=java.awt.EventQueue.eventToCacheIndex(Ljava/awt/AWTEvent;)I @ 68
Event: 5.247 Thread 0x0000000019b71000 Uncommon trap: reason=speculate_class_check action=maybe_recompile pc=0x00000000037a98d4 method=java.awt.EventQueue.eventToCacheIndex(Ljava/awt/AWTEvent;)I @ 68

Internal exceptions (10 events):
Event: 0.336 Thread 0x00000000030be000 Exception <a 'java/lang/ClassNotFoundException': ToolBar> (0x00000000d632b308) thrown at [C:\re\workspace\8-2-build-windows-amd64-cygwin\jdk8u111\7883\hotspot\src\share\vm\classfile\systemDictionary.cpp, line 210]
Event: 0.336 Thread 0x00000000030be000 Exception <a 'java/lang/ClassNotFoundException': ToggleButton> (0x00000000d632b8b8) thrown at [C:\re\workspace\8-2-build-windows-amd64-cygwin\jdk8u111\7883\hotspot\src\share\vm\classfile\systemDictionary.cpp, line 210]
Event: 0.336 Thread 0x00000000030be000 Exception <a 'java/lang/ClassNotFoundException': javax/swing/JToolBarSeparator> (0x00000000d632bd18) thrown at [C:\re\workspace\8-2-build-windows-amd64-cygwin\jdk8u111\7883\hotspot\src\share\vm\classfile\systemDictionary.cpp, line 210]
Event: 0.336 Thread 0x00000000030be000 Exception <a 'java/lang/ClassNotFoundException': ToolBarSeparator> (0x00000000d632c1b0) thrown at [C:\re\workspace\8-2-build-windows-amd64-cygwin\jdk8u111\7883\hotspot\src\share\vm\classfile\systemDictionary.cpp, line 210]
Event: 0.336 Thread 0x00000000030be000 Exception <a 'java/lang/ClassNotFoundException': ToolTip> (0x00000000d632c8f0) thrown at [C:\re\workspace\8-2-build-windows-amd64-cygwin\jdk8u111\7883\hotspot\src\share\vm\classfile\systemDictionary.cpp, line 210]
Event: 0.337 Thread 0x00000000030be000 Exception <a 'java/lang/ClassNotFoundException': Tree> (0x00000000d632d510) thrown at [C:\re\workspace\8-2-build-windows-amd64-cygwin\jdk8u111\7883\hotspot\src\share\vm\classfile\systemDictionary.cpp, line 210]
Event: 0.337 Thread 0x00000000030be000 Exception <a 'java/lang/ClassNotFoundException': Tree> (0x00000000d632dc50) thrown at [C:\re\workspace\8-2-build-windows-amd64-cygwin\jdk8u111\7883\hotspot\src\share\vm\classfile\systemDictionary.cpp, line 210]
Event: 0.337 Thread 0x00000000030be000 Exception <a 'java/lang/ClassNotFoundException': javax/swing/JTreeCell> (0x00000000d632dfd0) thrown at [C:\re\workspace\8-2-build-windows-amd64-cygwin\jdk8u111\7883\hotspot\src\share\vm\classfile\systemDictionary.cpp, line 210]
Event: 0.337 Thread 0x00000000030be000 Exception <a 'java/lang/ClassNotFoundException': TreeCell> (0x00000000d632e458) thrown at [C:\re\workspace\8-2-build-windows-amd64-cygwin\jdk8u111\7883\hotspot\src\share\vm\classfile\systemDictionary.cpp, line 210]
Event: 0.338 Thread 0x00000000030be000 Exception <a 'java/lang/ClassNotFoundException': RootPane> (0x00000000d632eeb8) thrown at [C:\re\workspace\8-2-build-windows-amd64-cygwin\jdk8u111\7883\hotspot\src\share\vm\classfile\systemDictionary.cpp, line 210]

Events (10 events):
Event: 5.247 Thread 0x0000000019b71000 DEOPT UNPACKING pc=0x000000000330582a sp=0x000000001b04f0e0 mode 2
Event: 5.247 Thread 0x0000000019b71000 Uncommon trap: trap_request=0xffffffde fr.pc=0x00000000037b8cd4
Event: 5.247 Thread 0x0000000019b71000 DEOPT PACKING pc=0x00000000037b8cd4 sp=0x000000001b04e450
Event: 5.247 Thread 0x0000000019b71000 DEOPT UNPACKING pc=0x000000000330582a sp=0x000000001b04e4f0 mode 2
Event: 5.247 Thread 0x0000000019b71000 Uncommon trap: trap_request=0xffffff76 fr.pc=0x00000000037a56b8
Event: 5.247 Thread 0x0000000019b71000 DEOPT PACKING pc=0x00000000037a56b8 sp=0x000000001b04f270
Event: 5.247 Thread 0x0000000019b71000 DEOPT UNPACKING pc=0x000000000330582a sp=0x000000001b04f0e0 mode 2
Event: 5.247 Thread 0x0000000019b71000 Uncommon trap: trap_request=0xffffff76 fr.pc=0x00000000037a98d4
Event: 5.247 Thread 0x0000000019b71000 DEOPT PACKING pc=0x00000000037a98d4 sp=0x000000001b04f210
Event: 5.247 Thread 0x0000000019b71000 DEOPT UNPACKING pc=0x000000000330582a sp=0x000000001b04f0e0 mode 2


Dynamic libraries:
0x00007ff651f30000 - 0x00007ff651f67000 	C:\Program Files\Java\jdk1.8.0_111\jre\bin\java.exe
0x00007ffd76160000 - 0x00007ffd76350000 	C:\WINDOWS\SYSTEM32\ntdll.dll
0x00007ffd74bc0000 - 0x00007ffd74c72000 	C:\WINDOWS\System32\KERNEL32.DLL
0x00007ffd73690000 - 0x00007ffd73933000 	C:\WINDOWS\System32\KERNELBASE.dll
0x00007ffd74240000 - 0x00007ffd742e3000 	C:\WINDOWS\System32\ADVAPI32.dll
0x00007ffd75c70000 - 0x00007ffd75d0e000 	C:\WINDOWS\System32\msvcrt.dll
0x00007ffd75bd0000 - 0x00007ffd75c67000 	C:\WINDOWS\System32\sechost.dll
0x00007ffd75f50000 - 0x00007ffd76070000 	C:\WINDOWS\System32\RPCRT4.dll
0x00007ffd74d80000 - 0x00007ffd74f14000 	C:\WINDOWS\System32\USER32.dll
0x00007ffd73560000 - 0x00007ffd73581000 	C:\WINDOWS\System32\win32u.dll
0x00007ffd754b0000 - 0x00007ffd754d6000 	C:\WINDOWS\System32\GDI32.dll
0x00007ffd731d0000 - 0x00007ffd73364000 	C:\WINDOWS\System32\gdi32full.dll
0x00007ffd734c0000 - 0x00007ffd7355e000 	C:\WINDOWS\System32\msvcp_win.dll
0x00007ffd73590000 - 0x00007ffd7368a000 	C:\WINDOWS\System32\ucrtbase.dll
0x00007ffd5ca50000 - 0x00007ffd5ccd5000 	C:\WINDOWS\WinSxS\amd64_microsoft.windows.common-controls_6595b64144ccf1df_6.0.18362.720_none_e6beb5c51314836b\COMCTL32.dll
0x00007ffd74640000 - 0x00007ffd74976000 	C:\WINDOWS\System32\combase.dll
0x00007ffd74130000 - 0x00007ffd741b0000 	C:\WINDOWS\System32\bcryptPrimitives.dll
0x00007ffd74210000 - 0x00007ffd7423e000 	C:\WINDOWS\System32\IMM32.DLL
0x000000006c8e0000 - 0x000000006c9b2000 	C:\Program Files\Java\jdk1.8.0_111\jre\bin\msvcr100.dll
0x000000006c9c0000 - 0x000000006d25a000 	C:\Program Files\Java\jdk1.8.0_111\jre\bin\server\jvm.dll
0x00007ffd75d10000 - 0x00007ffd75d18000 	C:\WINDOWS\System32\PSAPI.DLL
0x00007ffd6e7f0000 - 0x00007ffd6e7fa000 	C:\WINDOWS\SYSTEM32\VERSION.dll
0x00007ffd5dc40000 - 0x00007ffd5dc64000 	C:\WINDOWS\SYSTEM32\WINMM.dll
0x00007ffd6f210000 - 0x00007ffd6f219000 	C:\WINDOWS\SYSTEM32\WSOCK32.dll
0x00007ffd75440000 - 0x00007ffd754af000 	C:\WINDOWS\System32\WS2_32.dll
0x00007ffd63e40000 - 0x00007ffd63e6d000 	C:\WINDOWS\SYSTEM32\winmmbase.dll
0x00007ffd740c0000 - 0x00007ffd7410a000 	C:\WINDOWS\System32\cfgmgr32.dll
0x000000006c890000 - 0x000000006c89f000 	C:\Program Files\Java\jdk1.8.0_111\jre\bin\verify.dll
0x000000006c860000 - 0x000000006c889000 	C:\Program Files\Java\jdk1.8.0_111\jre\bin\java.dll
0x000000006c840000 - 0x000000006c856000 	C:\Program Files\Java\jdk1.8.0_111\jre\bin\zip.dll
0x00007ffd754e0000 - 0x00007ffd75bc5000 	C:\WINDOWS\System32\SHELL32.dll
0x00007ffd76070000 - 0x00007ffd76119000 	C:\WINDOWS\System32\shcore.dll
0x00007ffd73940000 - 0x00007ffd740c0000 	C:\WINDOWS\System32\windows.storage.dll
0x00007ffd730c0000 - 0x00007ffd730e3000 	C:\WINDOWS\System32\profapi.dll
0x00007ffd73030000 - 0x00007ffd7307a000 	C:\WINDOWS\System32\powrprof.dll
0x00007ffd73020000 - 0x00007ffd73030000 	C:\WINDOWS\System32\UMPDC.dll
0x00007ffd75d20000 - 0x00007ffd75d72000 	C:\WINDOWS\System32\shlwapi.dll
0x00007ffd73080000 - 0x00007ffd73091000 	C:\WINDOWS\System32\kernel.appcore.dll
0x00007ffd74110000 - 0x00007ffd74127000 	C:\WINDOWS\System32\cryptsp.dll
0x000000006c660000 - 0x000000006c7f8000 	C:\Program Files\Java\jdk1.8.0_111\jre\bin\awt.dll
0x00007ffd74c80000 - 0x00007ffd74d44000 	C:\WINDOWS\System32\OLEAUT32.dll
0x00007ffd70ca0000 - 0x00007ffd70d2f000 	C:\WINDOWS\SYSTEM32\apphelp.dll
0x00007ffd70ff0000 - 0x00007ffd71089000 	C:\WINDOWS\system32\uxtheme.dll
0x00007ffd74500000 - 0x00007ffd74636000 	C:\WINDOWS\System32\MSCTF.dll
0x000000006d400000 - 0x000000006d406000 	C:\Program Files\ESET\ESET NOD32 Antivirus\eplgHooks.dll
0x00007ffd75df0000 - 0x00007ffd75f47000 	C:\WINDOWS\System32\ole32.dll
0x00007ffd71360000 - 0x00007ffd7138d000 	C:\WINDOWS\system32\DWMAPI.DLL
0x000000006c610000 - 0x000000006c657000 	C:\Program Files\Java\jdk1.8.0_111\jre\bin\fontmanager.dll
0x000000006c820000 - 0x000000006c83a000 	C:\Program Files\Java\jdk1.8.0_111\jre\bin\net.dll
0x00007ffd72830000 - 0x00007ffd72897000 	C:\WINDOWS\system32\mswsock.dll
0x000000006c800000 - 0x000000006c811000 	C:\Program Files\Java\jdk1.8.0_111\jre\bin\nio.dll
0x000000006c5c0000 - 0x000000006c602000 	C:\Program Files\Java\jdk1.8.0_111\jre\bin\t2k.dll
0x000000006c500000 - 0x000000006c531000 	C:\Program Files\Java\jdk1.8.0_111\jre\bin\jpeg.dll
0x00007ffd75390000 - 0x00007ffd75432000 	C:\WINDOWS\System32\clbcatq.dll
0x00007ffd64b30000 - 0x00007ffd64cdf000 	C:\WINDOWS\SYSTEM32\WindowsCodecs.dll
0x00007ffd5cec0000 - 0x00007ffd5cefa000 	C:\WINDOWS\system32\dataexchange.dll
0x00007ffd70280000 - 0x00007ffd704db000 	C:\WINDOWS\system32\d3d11.dll
0x00007ffd70600000 - 0x00007ffd707db000 	C:\WINDOWS\system32\dcomp.dll
0x00007ffd71e20000 - 0x00007ffd71f0b000 	C:\WINDOWS\system32\dxgi.dll
0x00007ffd71d00000 - 0x00007ffd71d20000 	C:\WINDOWS\SYSTEM32\dxcore.dll
0x00007ffd70d70000 - 0x00007ffd70fca000 	C:\WINDOWS\system32\twinapi.appcore.dll
0x00007ffd71270000 - 0x00007ffd71299000 	C:\WINDOWS\system32\RMCLIENT.dll
0x00007ffd723a0000 - 0x00007ffd723d3000 	C:\WINDOWS\system32\rsaenh.dll
0x00007ffd731a0000 - 0x00007ffd731c6000 	C:\WINDOWS\System32\bcrypt.dll
0x00007ffd72f40000 - 0x00007ffd72f65000 	C:\WINDOWS\SYSTEM32\USERENV.dll
0x00007ffd72a00000 - 0x00007ffd72a0c000 	C:\WINDOWS\SYSTEM32\CRYPTBASE.dll
0x00007ffd72540000 - 0x00007ffd7257a000 	C:\WINDOWS\SYSTEM32\IPHLPAPI.DLL
0x00007ffd74ae0000 - 0x00007ffd74ae8000 	C:\WINDOWS\System32\NSI.dll
0x00007ffd6c7d0000 - 0x00007ffd6c7e6000 	C:\WINDOWS\SYSTEM32\dhcpcsvc6.DLL
0x00007ffd6c700000 - 0x00007ffd6c71c000 	C:\WINDOWS\SYSTEM32\dhcpcsvc.DLL
0x00007ffd72580000 - 0x00007ffd7264a000 	C:\WINDOWS\SYSTEM32\DNSAPI.dll
0x00007ffd65f90000 - 0x00007ffd6602e000 	C:\WINDOWS\System32\TextInputFramework.dll
0x00007ffd704e0000 - 0x00007ffd705b4000 	C:\WINDOWS\System32\CoreMessaging.dll
0x00007ffd64ce0000 - 0x00007ffd6500a000 	C:\WINDOWS\System32\CoreUIComponents.dll
0x00007ffd72050000 - 0x00007ffd72081000 	C:\WINDOWS\SYSTEM32\ntmarta.dll
0x00007ffd6eb70000 - 0x00007ffd6ecc3000 	C:\WINDOWS\SYSTEM32\wintypes.dll
0x000000006c580000 - 0x000000006c5aa000 	C:\Program Files\Java\jdk1.8.0_111\jre\bin\dcpr.dll
0x00007ffd6bc20000 - 0x00007ffd6bec6000 	C:\WINDOWS\System32\iertutil.dll

VM Arguments:
jvm_args: -Dfile.encoding=UTF-8 
java_command: interfaces.Menu
java_class_path (initial): C:\Program Files\NetBeans 8.2\ide\modules\ext\mysql-connector-java-5.1.23-bin.jar;C:\Program Files\NetBeans 8.2\java\modules\ext\AbsoluteLayout.jar;D:\SYSBACKUP\DOCUMENTOS\GitHub\ClientesInternet\ClientesInternet\build\classes
Launcher Type: SUN_STANDARD

Environment Variables:
JAVA_HOME=C:\AI2U\JDK
PATH=C:\ProgramData\Oracle\Java\javapath;C:\Program Files (x86)\Rockwell Software\RSCommon;C:\Program Files (x86)\Intel\iCLS Client\;C:\Program Files\Intel\iCLS Client\;C:\WINDOWS\system32;C:\WINDOWS;C:\WINDOWS\System32\Wbem;C:\WINDOWS\System32\WindowsPowerShell\v1.0\;C:\Program Files (x86)\Intel\OpenCL SDK\2.0\bin\x86;C:\Program Files (x86)\Intel\OpenCL SDK\2.0\bin\x64;C:\Program Files\Intel\Intel(R) Management Engine Components\DAL;C:\Program Files (x86)\Intel\Intel(R) Management Engine Components\DAL;C:\Program Files\Intel\Intel(R) Management Engine Components\IPT;C:\Program Files (x86)\Intel\Intel(R) Management Engine Components\IPT;C:\WINDOWS\System32\OpenSSH\;C:\Program Files\Microsoft SQL Server\120\Tools\Binn\;C:\Program Files\Microsoft SQL Server\Client SDK\ODBC\110\Tools\Binn\;C:\Program Files (x86)\Microsoft SQL Server\120\Tools\Binn\;C:\Program Files\Microsoft SQL Server\120\DTS\Binn\;C:\Program Files (x86)\Microsoft SQL Server\120\Tools\Binn\ManagementStudio\;C:\Program Files (x86)\Microsoft SQL Server\120\DTS\Binn\;C:\Users\Cristhian\AppData\Local\M;C:\WINDOWS\system32;C:\WINDOWS;C:\WINDOWS\System32\Wbem;C:\WINDOWS\System32\WindowsPowerShell\v1.0\;C:\WINDOWS\System32\OpenSSH\;C:\Users\Cristhian\AppData\Local\Microsoft\WindowsApps;;C:\Users\Cristhian\AppData\Local\Programs\Microsoft VS Code\bin
USERNAME=Cristhian
OS=Windows_NT
PROCESSOR_IDENTIFIER=Intel64 Family 6 Model 58 Stepping 9, GenuineIntel



---------------  S Y S T E M  ---------------

OS: Windows 10.0 , 64 bit Build 18362 (10.0.18362.329)

CPU:total 4 (2 cores per cpu, 2 threads per core) family 6 model 58 stepping 9, cmov, cx8, fxsr, mmx, sse, sse2, sse3, ssse3, sse4.1, sse4.2, popcnt, avx, aes, clmul, erms, ht, tsc, tscinvbit, tscinv

Memory: 4k page, physical 8267272k(569412k free), swap 8267272k(5788k free)

vm_info: Java HotSpot(TM) 64-Bit Server VM (25.111-b14) for windows-amd64 JRE (1.8.0_111-b14), built on Sep 22 2016 19:24:05 by "java_re" with MS VC++ 10.0 (VS2010)

time: Fri Jul 03 10:35:55 2020
elapsed time: 5 seconds (0d 0h 0m 5s)

