JvmtiExport can_access_local_variables 0
JvmtiExport can_hotswap_or_post_breakpoint 0
JvmtiExport can_post_on_exceptions 0
# 166 ciObject found
ciMethod java/lang/Boolean valueOf (Z)Ljava/lang/Boolean; 1521 1 33835 0 -1
ciMethod java/lang/AssertionError <init> ()V 0 0 1 0 -1
ciMethod java/lang/AssertionError <init> (Ljava/lang/Object;)V 0 0 1 0 -1
ciMethodData java/lang/Boolean valueOf (Z)Ljava/lang/Boolean; 2 33835 orig 264 72 34 250 108 0 0 0 0 88 87 147 22 0 0 0 0 88 1 0 0 0 0 0 0 0 0 0 0 0 0 0 0 0 0 0 0 0 0 0 0 0 0 0 0 0 0 0 0 0 0 0 0 0 0 0 0 0 0 0 0 0 0 0 0 0 0 0 0 0 0 0 0 0 0 0 0 0 0 0 0 77 68 79 32 101 120 116 114 97 32 100 97 116 97 32 108 111 99 107 0 0 0 0 0 0 0 0 0 0 0 0 0 0 0 0 0 0 0 0 0 0 0 0 0 0 0 0 0 0 0 0 0 0 0 0 0 0 0 0 0 0 0 0 0 0 0 0 0 0 0 0 0 0 0 0 0 0 0 0 0 0 0 0 0 0 0 0 0 0 0 0 0 0 0 0 0 0 0 0 0 0 0 0 0 0 0 0 0 0 0 0 0 0 0 0 0 0 0 0 0 0 0 0 0 0 0 0 0 0 0 0 0 0 0 0 0 190 0 0 0 105 27 4 0 1 0 0 0 0 0 0 0 0 0 0 0 2 0 0 0 0 0 6 0 2 0 0 0 56 0 0 0 255 255 255 255 7 0 1 0 0 0 0 0 data 7 0x10007 0x4774 0x38 0x3bf9 0x70003 0x3bf9 0x18 oops 0
ciMethod com/sun/tools/javac/code/Type hasTag (Lcom/sun/tools/javac/code/TypeTag;)Z 1057 1 135114 0 -1
ciMethod com/sun/tools/javac/code/Type getTag ()Lcom/sun/tools/javac/code/TypeTag; 0 0 1 0 -1
ciMethod com/sun/tools/javac/code/Type isPrimitive ()Z 1153 1 144 0 -1
ciMethod com/sun/tools/javac/code/Type accept (Lcom/sun/tools/javac/code/Type$Visitor;Ljava/lang/Object;)Ljava/lang/Object; 2073 1 5386 0 -1
ciMethod com/sun/tools/javac/util/Assert check (Z)V 2409 1 26315 0 -1
ciMethod com/sun/tools/javac/util/Assert error ()V 0 0 1 0 -1
ciMethodData com/sun/tools/javac/util/Assert check (Z)V 2 26315 orig 264 72 34 250 108 0 0 0 0 216 227 212 22 0 0 0 0 120 1 0 0 0 0 0 0 0 0 0 0 0 0 0 0 0 0 0 0 0 0 0 0 0 0 0 0 0 0 0 0 0 0 0 0 0 0 0 0 0 0 0 0 0 0 0 0 0 0 0 0 0 0 0 0 0 0 0 0 0 0 0 0 77 68 79 32 101 120 116 114 97 32 100 97 116 97 32 108 111 99 107 0 0 0 0 0 0 0 0 0 0 0 0 0 0 0 0 0 0 0 0 0 0 0 0 0 0 0 0 0 0 0 0 0 0 0 0 0 0 0 0 0 0 0 0 0 0 0 0 0 0 0 0 0 0 0 0 0 0 0 0 0 0 0 0 0 0 0 0 0 0 0 0 0 0 0 0 0 0 0 0 0 0 0 0 0 0 0 0 0 0 0 0 0 0 0 0 0 0 0 0 0 0 0 0 0 0 0 0 0 0 0 0 0 0 0 0 0 45 1 0 0 241 44 3 0 1 0 0 0 0 0 0 0 0 0 0 0 2 0 0 0 0 0 5 0 2 0 0 0 48 0 0 0 255 255 255 255 7 0 1 0 0 0 0 0 data 6 0x10007 0x659e 0x30 0x0 0x40002 0x0 oops 0
ciMethodData com/sun/tools/javac/util/Assert error ()V 1 0 orig 264 72 34 250 108 0 0 0 0 232 234 212 22 0 0 0 0 40 1 0 0 0 0 0 0 0 0 0 0 0 0 0 0 0 0 0 0 0 0 0 0 0 0 0 0 0 0 0 0 0 0 0 0 0 0 0 0 0 0 0 0 0 0 0 0 0 0 0 0 0 0 0 0 0 0 0 0 0 0 0 0 77 68 79 32 101 120 116 114 97 32 100 97 116 97 32 108 111 99 107 0 0 0 0 0 0 0 0 0 0 0 0 0 0 0 0 0 0 0 0 0 0 0 0 0 0 0 0 0 0 0 0 0 0 0 0 0 0 0 0 0 0 0 0 0 0 0 0 0 0 0 0 0 0 0 0 0 0 0 0 0 0 0 0 0 0 0 0 0 0 0 0 0 0 0 0 0 0 0 0 0 0 0 0 0 0 0 0 0 0 0 0 0 0 0 0 0 0 0 0 0 0 0 0 0 0 0 0 0 0 0 0 0 0 0 0 0 0 0 0 0 1 0 0 0 1 0 0 0 0 0 0 0 0 0 0 0 2 0 0 0 0 0 0 0 0 0 0 0 16 0 0 0 255 255 255 255 2 0 4 0 0 0 0 0 data 2 0x40002 0x0 oops 0
ciMethod com/sun/tools/javac/code/Types elemtype (Lcom/sun/tools/javac/code/Type;)Lcom/sun/tools/javac/code/Type; 145 1 104 0 -1
ciMethod com/sun/tools/javac/code/Types erasure (Lcom/sun/tools/javac/code/Type;)Lcom/sun/tools/javac/code/Type; 1009 1 13236 0 -1
ciMethod com/sun/tools/javac/code/Types eraseNotNeeded (Lcom/sun/tools/javac/code/Type;)Z 1009 1 13236 0 -1
ciMethod com/sun/tools/javac/code/Types erasure (Lcom/sun/tools/javac/code/Type;Z)Lcom/sun/tools/javac/code/Type; 1009 1 10591 0 -1
ciMethod com/sun/tools/javac/code/Types$DefaultTypeVisitor visit (Lcom/sun/tools/javac/code/Type;Ljava/lang/Object;)Ljava/lang/Object; 1009 1 55861 0 -1
ciMethodData com/sun/tools/javac/code/Type hasTag (Lcom/sun/tools/javac/code/TypeTag;)Z 2 135114 orig 264 72 34 250 108 0 0 0 0 216 47 208 22 0 0 0 0 184 1 0 0 0 0 0 0 0 0 0 0 0 0 0 0 0 0 0 0 0 0 0 0 0 0 0 0 0 0 0 0 0 0 0 0 0 0 0 0 0 0 0 0 0 0 0 0 0 0 0 0 0 0 0 0 0 0 0 0 0 0 0 0 77 68 79 32 101 120 116 114 97 32 100 97 116 97 32 108 111 99 107 0 0 0 0 0 0 0 0 0 0 0 0 0 0 0 0 0 0 0 0 0 0 0 0 0 0 0 0 0 0 0 0 0 0 0 0 0 0 0 0 0 0 0 0 0 0 0 0 0 0 0 0 0 0 0 0 0 0 0 0 0 0 0 0 0 0 0 0 0 0 0 0 0 0 0 0 0 0 0 0 0 0 0 0 0 0 0 0 0 0 0 0 0 0 0 0 0 0 0 0 0 0 0 0 0 0 0 0 0 0 0 0 0 0 0 0 0 132 0 0 0 49 122 16 0 1 0 0 0 0 0 0 0 0 0 0 0 2 0 0 0 0 0 6 0 2 0 0 0 104 0 0 0 255 255 255 255 5 0 2 0 0 0 0 0 data 13 0x20005 0x1e0ec 0x1a09cc50 0x2758 0x1a09cd00 0x702 0x50007 0x1279f 0x38 0xe7a7 0x90003 0xe7a7 0x18 oops 2 2 com/sun/tools/javac/code/Type$JCNoType 4 com/sun/tools/javac/code/Type$PackageType
ciMethodData com/sun/tools/javac/code/Types erasure (Lcom/sun/tools/javac/code/Type;)Lcom/sun/tools/javac/code/Type; 2 13236 orig 264 72 34 250 108 0 0 0 0 216 47 217 22 0 0 0 0 128 1 0 0 48 0 0 0 0 0 0 0 0 0 0 0 0 0 0 0 0 0 0 0 0 0 0 0 0 0 0 0 0 0 0 0 0 0 0 0 0 0 0 0 0 0 0 0 0 0 0 0 0 0 0 0 0 0 0 0 0 0 0 0 77 68 79 32 101 120 116 114 97 32 100 97 116 97 32 108 111 99 107 0 0 0 0 0 0 0 0 0 0 0 0 0 0 0 0 0 0 0 0 0 0 0 0 0 0 0 0 0 0 0 0 0 0 0 0 0 0 0 0 0 0 0 0 0 0 0 0 0 0 0 0 0 0 0 0 0 0 0 0 0 0 0 0 0 0 0 0 0 0 0 0 0 0 0 0 0 0 0 0 0 0 0 0 0 17 0 0 0 0 0 0 0 0 0 0 0 0 0 0 0 1 0 0 0 0 0 0 0 0 0 0 0 0 0 0 0 126 0 0 0 177 153 1 0 1 0 0 0 0 0 0 0 0 0 0 0 2 0 0 0 0 0 18 0 2 0 0 0 88 0 0 0 255 255 255 255 2 0 2 0 0 0 0 0 data 11 0x20002 0x3336 0x50007 0x28db 0x38 0xa5b 0x90003 0xa5b 0x28 0xf0002 0x28db oops 0
ciMethodData com/sun/tools/javac/code/Types eraseNotNeeded (Lcom/sun/tools/javac/code/Type;)Z 2 13236 orig 264 72 34 250 108 0 0 0 0 160 48 217 22 0 0 0 0 216 1 0 0 80 0 0 0 0 0 0 0 0 0 0 0 0 0 0 0 0 0 0 0 0 0 0 0 0 0 0 0 0 0 0 0 0 0 0 0 0 0 0 0 0 0 0 0 0 0 0 0 0 0 0 0 0 0 0 0 0 0 0 0 77 68 79 32 101 120 116 114 97 32 100 97 116 97 32 108 111 99 107 0 0 0 0 0 0 0 0 0 0 0 0 0 0 0 0 0 0 0 0 0 0 0 0 0 0 0 0 0 0 0 0 0 0 0 0 0 0 0 0 0 0 0 0 0 0 0 0 0 0 0 0 0 0 0 0 0 0 0 0 0 0 0 0 0 0 0 0 0 0 0 0 0 0 0 0 0 0 0 0 0 0 0 0 0 17 0 0 0 0 0 0 0 0 0 0 0 0 0 0 0 1 0 0 0 0 0 0 0 0 0 0 0 0 0 0 0 126 0 0 0 177 153 1 0 1 0 0 0 0 0 0 0 0 0 0 0 2 0 0 0 0 0 9 0 2 0 0 0 136 0 0 0 255 255 255 255 5 0 1 0 0 0 0 0 data 17 0x10005 0x1fe2 0x1a160770 0x196 0x1a09a790 0x11be 0x40007 0x835 0x40 0x2b01 0x150007 0x28db 0x38 0x226 0x190003 0xa5b 0x18 oops 2 2 com/sun/tools/javac/code/Type$1 4 com/sun/tools/javac/code/Type$ClassType
ciMethodData com/sun/tools/javac/code/Types erasure (Lcom/sun/tools/javac/code/Type;Z)Lcom/sun/tools/javac/code/Type; 2 10591 orig 264 72 34 250 108 0 0 0 0 96 49 217 22 0 0 0 0 24 2 0 0 48 0 0 0 0 0 0 0 0 0 0 0 0 0 0 0 0 0 0 0 0 0 0 0 0 0 0 0 0 0 0 0 0 0 0 0 0 0 0 0 0 0 0 0 0 0 0 0 0 0 0 0 0 0 0 0 0 0 0 0 77 68 79 32 101 120 116 114 97 32 100 97 116 97 32 108 111 99 107 0 0 0 0 0 0 0 0 0 0 0 0 0 0 0 0 0 0 0 0 0 0 0 0 0 0 0 0 0 0 0 0 0 0 0 0 0 0 0 0 0 0 0 0 0 0 0 0 0 0 0 0 0 0 0 0 0 0 0 0 0 0 0 0 0 0 0 0 0 0 0 0 0 0 0 0 0 0 0 0 0 0 0 0 0 17 0 0 0 0 0 0 0 0 0 0 0 0 0 0 0 1 0 0 0 0 0 0 0 2 0 0 0 0 0 0 0 126 0 0 0 9 71 1 0 1 0 0 0 0 0 0 0 0 0 0 0 2 0 0 0 0 0 9 0 2 0 0 0 192 0 0 0 255 255 255 255 5 0 1 0 0 0 0 0 data 24 0x10005 0x17ad 0x1a160770 0x196 0x1a09a790 0xf9e 0x40007 0x28e1 0x20 0x0 0xf0002 0x28e1 0x120005 0x58 0x1a162de0 0x2889 0x0 0x0 0x150004 0x0 0x1a160770 0x196 0x1a09a790 0xfc5 oops 5 2 com/sun/tools/javac/code/Type$1 4 com/sun/tools/javac/code/Type$ClassType 14 com/sun/tools/javac/code/Types$15 20 com/sun/tools/javac/code/Type$1 22 com/sun/tools/javac/code/Type$ClassType
ciMethodData com/sun/tools/javac/code/Types$DefaultTypeVisitor visit (Lcom/sun/tools/javac/code/Type;Ljava/lang/Object;)Ljava/lang/Object; 2 55861 orig 264 72 34 250 108 0 0 0 0 240 163 217 22 0 0 0 0 136 1 0 0 0 0 0 0 0 0 0 0 0 0 0 0 0 0 0 0 0 0 0 0 0 0 0 0 0 0 0 0 0 0 0 0 0 0 0 0 0 0 0 0 0 0 0 0 0 0 0 0 0 0 0 0 0 0 0 0 0 0 0 0 77 68 79 32 101 120 116 114 97 32 100 97 116 97 32 108 111 99 107 0 0 0 0 0 0 0 0 0 0 0 0 0 0 0 0 0 0 0 0 0 0 0 0 0 0 0 0 0 0 0 0 0 0 0 0 0 0 0 0 0 0 0 0 0 0 0 0 0 0 0 0 0 0 0 0 0 0 0 0 0 0 0 0 0 0 0 0 0 0 0 0 0 0 0 0 0 0 0 0 0 0 0 0 0 0 0 0 0 0 0 0 0 0 0 0 0 0 0 0 0 0 0 0 0 0 0 0 0 0 0 0 0 0 0 0 0 126 0 0 0 185 205 6 0 1 0 0 0 0 0 0 0 0 0 0 0 2 0 0 0 0 0 3 0 2 0 0 0 48 0 0 0 255 255 255 255 5 0 3 0 0 0 0 0 data 6 0x30005 0x4923 0x1a160770 0x2cf 0x1a09a790 0x8534 oops 2 2 com/sun/tools/javac/code/Type$1 4 com/sun/tools/javac/code/Type$ClassType
ciMethod com/sun/tools/javac/jvm/Code emitop (I)V 4097 1 1461 0 -1
ciMethod com/sun/tools/javac/jvm/Code postop ()V 4097 1 756 0 -1
ciMethod com/sun/tools/javac/jvm/Code emitop0 (I)V 1345 1 556 0 -1
ciMethod com/sun/tools/javac/jvm/Code markDead ()V 561 1 70 0 -1
ciMethod com/sun/tools/javac/jvm/Code mnem (I)Ljava/lang/String; 0 0 1 0 -1
ciMethod com/sun/tools/javac/jvm/Code$State push (Lcom/sun/tools/javac/code/Type;)V 4097 1 1281 0 -1
ciMethod com/sun/tools/javac/jvm/Code$State pop1 ()Lcom/sun/tools/javac/code/Type; 0 0 1 0 -1
ciMethod com/sun/tools/javac/jvm/Code$State pop2 ()Lcom/sun/tools/javac/code/Type; 0 0 1 0 -1
ciMethod com/sun/tools/javac/jvm/Code$State pop (I)V 3593 4473 731 0 -1
ciMethodData com/sun/tools/javac/code/Types elemtype (Lcom/sun/tools/javac/code/Type;)Lcom/sun/tools/javac/code/Type; 1 104 orig 264 72 34 250 108 0 0 0 0 104 38 217 22 0 0 0 0 48 3 0 0 80 1 0 0 0 0 0 0 0 0 0 0 0 0 0 0 0 0 0 0 0 0 0 0 0 0 0 0 0 0 0 0 0 0 0 0 0 0 0 0 0 0 0 0 0 0 0 0 0 0 0 0 0 0 0 0 0 0 0 0 77 68 79 32 101 120 116 114 97 32 100 97 116 97 32 108 111 99 107 0 0 0 0 0 0 0 0 0 0 0 0 0 0 0 0 0 0 0 0 0 0 0 0 0 0 0 0 0 0 0 0 0 0 0 0 0 0 0 0 0 0 0 0 0 0 0 0 0 0 0 0 0 0 0 0 0 0 0 0 0 0 0 0 0 0 0 0 0 0 0 0 0 0 0 0 0 0 0 0 0 0 0 0 0 0 0 0 0 0 0 0 0 0 0 0 0 0 0 0 0 0 0 0 0 0 0 0 0 0 0 0 0 0 0 0 0 18 0 0 0 177 2 0 0 1 0 0 0 0 0 0 0 0 0 0 0 2 0 0 0 0 0 0 0 0 0 0 0 224 1 0 0 255 255 255 255 5 0 4 0 0 0 0 0 data 60 0x40005 0x0 0x1a09e330 0x56 0x0 0x0 0x70005 0x56 0x0 0x0 0x0 0x0 0xb0008 0xa 0x0 0x180 0x56 0xc0 0x0 0x60 0x0 0x180 0x0 0x120 0x370005 0x0 0x0 0x0 0x0 0x0 0x3a0005 0x0 0x0 0x0 0x0 0x0 0x3f0005 0x0 0x1a09e330 0x56 0x0 0x0 0x440004 0x0 0x1a09e330 0x56 0x0 0x0 0x4d0004 0x0 0x0 0x0 0x0 0x0 0x530005 0x0 0x0 0x0 0x0 0x0 oops 3 2 com/sun/tools/javac/code/Type$ArrayType 38 com/sun/tools/javac/code/Type$ArrayType 44 com/sun/tools/javac/code/Type$ArrayType
ciMethodData com/sun/tools/javac/jvm/Code emitop (I)V 1 1461 orig 264 72 34 250 108 0 0 0 0 232 245 8 23 0 0 0 0 48 4 0 0 160 2 0 0 0 0 0 0 0 0 0 0 0 0 0 0 0 0 0 0 0 0 0 0 0 0 0 0 0 0 0 0 0 0 0 0 0 0 0 0 0 0 0 0 0 0 0 0 0 0 0 0 0 0 0 0 0 0 0 0 77 68 79 32 101 120 116 114 97 32 100 97 116 97 32 108 111 99 107 0 0 0 0 0 0 0 0 0 0 0 0 0 0 0 0 0 0 0 0 0 0 0 0 0 0 0 0 0 0 0 0 0 0 0 0 0 0 0 0 0 0 0 0 0 0 0 0 0 0 0 0 0 0 0 0 0 0 0 0 0 0 0 0 0 0 0 0 0 0 0 0 0 0 0 0 0 0 0 0 0 0 0 0 0 0 0 0 0 0 0 0 0 0 0 0 0 0 0 0 0 0 0 0 0 0 0 0 0 0 0 0 0 0 0 0 0 0 2 0 0 169 29 0 0 1 0 0 0 0 0 0 0 0 0 0 0 2 0 0 0 0 0 25 0 2 0 0 0 224 2 0 0 255 255 255 255 7 0 4 0 0 0 0 0 data 92 0x40007 0x3b5 0x50 0x0 0x80005 0x0 0x0 0x0 0x0 0x0 0xf0007 0x0 0x290 0x3b5 0x170007 0x264 0x50 0x151 0x1b0005 0x0 0x1a1a7d50 0x151 0x0 0x0 0x220007 0x3b5 0x50 0x0 0x2b0005 0x0 0x0 0x0 0x0 0x0 0x320007 0x3b5 0x1c0 0x0 0x3c0002 0x0 0x410005 0x0 0x0 0x0 0x0 0x0 0x480005 0x0 0x0 0x0 0x0 0x0 0x4d0005 0x0 0x0 0x0 0x0 0x0 0x570005 0x0 0x0 0x0 0x0 0x0 0x5c0005 0x0 0x0 0x0 0x0 0x0 0x600002 0x0 0x630005 0x0 0x0 0x0 0x0 0x0 0x660005 0x0 0x0 0x0 0x0 0x0 0x690005 0x0 0x0 0x0 0x0 0x0 0x6e0002 0x3b5 oops 1 20 com/sun/tools/javac/jvm/Code
ciMethodData com/sun/tools/javac/jvm/Code mnem (I)Ljava/lang/String; 1 0 orig 264 72 34 250 108 0 0 0 0 200 19 176 26 0 0 0 0 88 1 0 0 0 0 0 0 0 0 0 0 0 0 0 0 0 0 0 0 0 0 0 0 0 0 0 0 0 0 0 0 0 0 0 0 0 0 0 0 0 0 0 0 0 0 0 0 0 0 0 0 0 0 0 0 0 0 0 0 0 0 0 0 77 68 79 32 101 120 116 114 97 32 100 97 116 97 32 108 111 99 107 0 0 0 0 0 0 0 0 0 0 0 0 0 0 0 0 0 0 0 0 0 0 0 0 0 0 0 0 0 0 0 0 0 0 0 0 0 0 0 0 0 0 0 0 0 0 0 0 0 0 0 0 0 0 0 0 0 0 0 0 0 0 0 0 0 0 0 0 0 0 0 0 0 0 0 0 0 0 0 0 0 0 0 0 0 0 0 0 0 0 0 0 0 0 0 0 0 0 0 0 0 0 0 0 0 0 0 0 0 0 0 0 0 0 0 0 0 0 0 0 0 1 0 0 0 1 0 0 0 0 0 0 0 0 0 0 0 2 0 0 0 0 0 0 0 0 0 0 0 16 0 0 0 255 255 255 255 2 0 0 0 0 0 0 0 data 2 0x2 0x0 oops 0
ciMethodData com/sun/tools/javac/jvm/Code emitop0 (I)V 1 556 orig 264 72 34 250 108 0 0 0 0 72 10 9 23 0 0 0 0 160 49 0 0 200 47 0 0 0 0 0 0 0 0 0 0 0 0 0 0 0 0 0 0 0 0 0 0 0 0 0 0 0 0 0 0 0 0 0 0 0 0 0 0 0 0 0 0 0 0 0 0 0 0 0 0 0 0 0 0 0 0 0 0 77 68 79 32 101 120 116 114 97 32 100 97 116 97 32 108 111 99 107 0 0 0 0 0 0 0 0 0 0 0 0 0 0 0 0 0 0 0 0 0 0 0 0 0 0 0 0 0 0 0 0 0 0 0 0 0 0 0 0 0 0 0 0 0 0 0 0 0 0 0 0 0 0 0 0 0 0 0 0 0 0 0 0 0 0 0 0 0 0 0 0 0 0 0 0 0 0 0 0 0 0 0 0 0 0 0 0 0 0 0 0 0 0 0 0 0 0 0 0 0 0 0 0 0 0 0 0 0 0 0 0 0 0 0 0 0 168 0 0 0 33 12 0 0 1 0 0 0 0 0 0 0 0 0 0 0 2 0 0 0 0 0 0 0 0 0 0 0 8 48 0 0 255 255 255 255 2 0 2 0 0 0 0 0 data 1537 0x20002 0x184 0x90007 0x184 0x20 0x0 0xe0008 0x18c 0x0 0x2f88 0x0 0xe28 0x10 0xe40 0x10 0xe88 0x8 0xe88 0x13 0xe88 0x6 0xe88 0x6 0xe88 0x6 0xe88 0x0 0xe88 0x0 0xed0 0x0 0xed0 0x0 0xf18 0x0 0xf18 0x0 0xf18 0x0 0xf60 0x0 0xf60 0x0 0x2f88 0x0 0x2f88 0x0 0x2f88 0x0 0x2f88 0x0 0x2f88 0x0 0x2f88 0x0 0x2f88 0x0 0x2f88 0x0 0x2f88 0x0 0x2f88 0x0 0xe88 0x0 0xe88 0x0 0xe88 0x0 0xe88 0x0 0xed0 0x0 0xed0 0x0 0xed0 0x0 0xed0 0x0 0xf18 0x0 0xf18 0x0 0xf18 0x0 0xf18 0x0 0xf60 0x0 0xf60 0x0 0xf60 0x0 0xf60 0x93 0xfa8 0x2c 0xff0 0x5 0x1038 0x0 0x1080 0x0 0x10c8 0x0 0x1140 0x0 0x11b8 0x0 0x1230 0x0 0xc70 0x0 0x10c8 0x0 0x10c8 0x0 0x10c8 0x0 0x2f88 0x0 0x2f88 0x0 0x2f88 0x0 0x2f88 0x0 0x2f88 0x0 0x12a8 0x0 0x12a8 0x0 0x12a8 0x0 0x12a8 0x0 0x1428 0x0 0x1428 0x0 0x1428 0x0 0x1428 0x0 0x12a8 0x0 0x12a8 0x0 0x12a8 0x0 0x12a8 0x0 0x1428 0x0 0x1428 0x0 0x1428 0x0 0x1428 0x0 0x12a8 0x3 0x12a8 0x1 0x12a8 0x0 0x12a8 0x0 0x1f68 0x0 0x1fb0 0x0 0x1f68 0x0 0x1fb0 0x18 0x16c8 0x0 0x1ec0 0x0 0x1f68 0x0 0x1f68 0x0 0x12a8 0x0 0x1428 0x41 0x1530 0x0 0x1db8 0x0 0x2a88 0x0 0x1ff8 0x0 0x21f8 0x0 0x24b8 0x0 0x2dd8 0x0 0x1680 0x0 0x1710 0x0 0x1f20 0x0 0x2eb0 0x0 0x1680 0x0 0x1710 0x0 0x1f20 0x0 0x2eb0 0x0 0x1680 0x0 0x1710 0x0 0x1f20 0x0 0x2eb0 0x0 0x1680 0x0 0x1710 0x0 0x1f20 0x0 0x2eb0 0x0 0x1680 0x0 0x1710 0x0 0x1f20 0x0 0x2eb0 0x0 0xe28 0x0 0xe28 0x0 0xe28 0x0 0xe28 0x0 0x1680 0x0 0x12a8 0x0 0x1680 0x0 0x12a8 0x0 0x1680 0x0 0x12a8 0x0 0x1680 0x0 0x1710 0x0 0x1680 0x0 0x1710 0x0 0x1680 0x0 0x1710 0x0 0x2f88 0x0 0x1848 0x0 0x18c0 0x0 0x1938 0x0 0x17d0 0x0 0x19b0 0x0 0x1a28 0x0 0x1aa0 0x0 0x1b18 0x0 0x1b90 0x0 0x1c08 0x0 0x1c80 0x0 0x1cf8 0x0 0x1f08 0x0 0x1f08 0x0 0x1f08 0x0 0x1758 0x0 0x2ce8 0x0 0x2ce8 0x0 0x2d60 0x0 0x2d60 0x0 0x2f88 0x0 0x2f88 0x0 0x2f88 0x0 0x2f88 0x0 0x2f88 0x0 0x2f88 0x0 0x2f88 0x0 0x2f88 0x0 0x2f88 0x0 0x2f88 0x0 0x2f88 0x0 0x2f88 0x0 0x2f88 0x0 0x2f88 0x0 0xde0 0x0 0x2f88 0x0 0x2ef8 0x0 0x1d70 0x0 0x1d70 0x0 0x12f0 0x0 0x1470 0x0 0x12f0 0x0 0x1470 0x0 0x12f0 0x16 0x1578 0x0 0x2f88 0x0 0x2f88 0x0 0x2f88 0x0 0x2f88 0x0 0x2f88 0x0 0x2f88 0x0 0x2f88 0x0 0x2f88 0x0 0x2f88 0x0 0x2f88 0x0 0x2f88 0x0 0x2f88 0x0 0x1608 0x0 0x13b0 0x0 0x2f88 0x0 0x2f88 0x0 0x2f40 0x0 0x2f40 0x0 0x2f40 0x3350005 0x0 0x0 0x0 0x0 0x0 0x34f0005 0x0 0x0 0x0 0x0 0x0 0x3560005 0x0 0x0 0x0 0x0 0x0 0x3590007 0x0 0x38 0x0 0x3630003 0x0 0x78 0x36f0005 0x0 0x0 0x0 0x0 0x0 0x3720005 0x0 0x0 0x0 0x0 0x0 0x37b0005 0x0 0x0 0x0 0x0 0x0 0x37e0003 0x0 0x21e0 0x3820005 0x0 0x0 0x0 0x0 0x0 0x3850003 0x0 0x2198 0x3880003 0x0 0x2180 0x3960005 0x0 0x1a1abda0 0x10 0x0 0x0 0x3990003 0x10 0x2138 0x3a70005 0x0 0x1a1abda0 0x3d 0x0 0x0 0x3aa0003 0x3d 0x20f0 0x3b80005 0x0 0x0 0x0 0x0 0x0 0x3bb0003 0x0 0x20a8 0x3c90005 0x0 0x0 0x0 0x0 0x0 0x3cc0003 0x0 0x2060 0x3da0005 0x0 0x0 0x0 0x0 0x0 0x3dd0003 0x0 0x2018 0x3f00005 0x0 0x1a1abda0 0x93 0x0 0x0 0x3f30003 0x93 0x1fd0 0x4060005 0x0 0x1a1abda0 0x2c 0x0 0x0 0x4090003 0x2c 0x1f88 0x41c0005 0x0 0x1a1abda0 0x5 0x0 0x0 0x41f0003 0x5 0x1f40 0x4320005 0x0 0x0 0x0 0x0 0x0 0x4350003 0x0 0x1ef8 0x43d0005 0x0 0x0 0x0 0x0 0x0 0x44b0005 0x0 0x0 0x0 0x0 0x0 0x44e0003 0x0 0x1e80 0x4560005 0x0 0x0 0x0 0x0 0x0 0x4640005 0x0 0x0 0x0 0x0 0x0 0x4670003 0x0 0x1e08 0x46f0005 0x0 0x0 0x0 0x0 0x0 0x47d0005 0x0 0x0 0x0 0x0 0x0 0x4800003 0x0 0x1d90 0x4880005 0x0 0x0 0x0 0x0 0x0 0x4960005 0x0 0x0 0x0 0x0 0x0 0x4990003 0x0 0x1d18 0x4a10005 0x0 0x1a1abda0 0x4 0x0 0x0 0x4a40003 0x4 0x1cd0 0x4ae0007 0x0 0x38 0x0 0x4b20003 0x0 0x18 0x4b60002 0x0 0x4be0005 0x0 0x0 0x0 0x0 0x0 0x4c20005 0x0 0x0 0x0 0x0 0x0 0x4c50003 0x0 0x1c10 0x4cd0005 0x0 0x0 0x0 0x0 0x0 0x4d10005 0x0 0x0 0x0 0x0 0x0 0x4d40003 0x0 0x1b98 0x4dc0005 0x0 0x0 0x0 0x0 0x0 0x4df0003 0x0 0x1b50 0x4e90007 0x0 0x38 0x0 0x4ed0003 0x0 0x18 0x4f10002 0x0 0x4f90005 0x0 0x0 0x0 0x0 0x0 0x4fd0005 0x0 0x0 0x0 0x0 0x0 0x5000003 0x0 0x1a90 0x5180005 0x0 0x1a1abda0 0x41 0x0 0x0 0x51b0003 0x41 0x1a48 0x5250007 0x0 0x38 0x16 0x5290003 0x16 0x18 0x52d0002 0x16 0x5310005 0x0 0x1a1a7d50 0x16 0x0 0x0 0x5340003 0x16 0x19b8 0x53c0005 0x0 0x0 0x0 0x0 0x0 0x54a0005 0x0 0x0 0x0 0x0 0x0 0x54d0003 0x0 0x1940 0x5550005 0x0 0x0 0x0 0x0 0x0 0x5580003 0x0 0x18f8 0x5600005 0x0 0x1a1abda0 0x18 0x0 0x0 0x5630003 0x18 0x18b0 0x56b0005 0x0 0x0 0x0 0x0 0x0 0x56e0003 0x0 0x1868 0x5760005 0x0 0x0 0x0 0x0 0x0 0x5840005 0x0 0x0 0x0 0x0 0x0 0x5870003 0x0 0x17f0 0x58f0005 0x0 0x0 0x0 0x0 0x0 0x59d0005 0x0 0x0 0x0 0x0 0x0 0x5a00003 0x0 0x1778 0x5a80005 0x0 0x0 0x0 0x0 0x0 0x5b60005 0x0 0x0 0x0 0x0 0x0 0x5b90003 0x0 0x1700 0x5c10005 0x0 0x0 0x0 0x0 0x0 0x5cf0005 0x0 0x0 0x0 0x0 0x0 0x5d20003 0x0 0x1688 0x5da0005 0x0 0x0 0x0 0x0 0x0 0x5e80005 0x0 0x0 0x0 0x0 0x0 0x5eb0003 0x0 0x1610 0x5f30005 0x0 0x0 0x0 0x0 0x0 0x6010005 0x0 0x0 0x0 0x0 0x0 0x6040003 0x0 0x1598 0x60c0005 0x0 0x0 0x0 0x0 0x0 0x61a0005 0x0 0x0 0x0 0x0 0x0 0x61d0003 0x0 0x1520 0x6250005 0x0 0x0 0x0 0x0 0x0 0x6330005 0x0 0x0 0x0 0x0 0x0 0x6360003 0x0 0x14a8 0x63e0005 0x0 0x0 0x0 0x0 0x0 0x64c0005 0x0 0x0 0x0 0x0 0x0 0x64f0003 0x0 0x1430 0x6570005 0x0 0x0 0x0 0x0 0x0 0x6650005 0x0 0x0 0x0 0x0 0x0 0x6680003 0x0 0x13b8 0x6700005 0x0 0x0 0x0 0x0 0x0 0x67e0005 0x0 0x0 0x0 0x0 0x0 0x6810003 0x0 0x1340 0x6890005 0x0 0x0 0x0 0x0 0x0 0x6970005 0x0 0x0 0x0 0x0 0x0 0x69a0003 0x0 0x12c8 0x6a20005 0x0 0x0 0x0 0x0 0x0 0x6b00005 0x0 0x0 0x0 0x0 0x0 0x6b30003 0x0 0x1250 0x6bb0005 0x0 0x0 0x0 0x0 0x0 0x6be0003 0x0 0x1208 0x6c50005 0x0 0x0 0x0 0x0 0x0 0x6cd0005 0x0 0x0 0x0 0x0 0x0 0x6d60005 0x0 0x0 0x0 0x0 0x0 0x6de0005 0x0 0x0 0x0 0x0 0x0 0x6e60005 0x0 0x0 0x0 0x0 0x0 0x6e90003 0x0 0x1100 0x6f10005 0x0 0x0 0x0 0x0 0x0 0x6f40003 0x0 0x10b8 0x6f70003 0x0 0x10a0 0x6ff0005 0x0 0x0 0x0 0x0 0x0 0x7020003 0x0 0x1058 0x70a0005 0x0 0x0 0x0 0x0 0x0 0x70d0003 0x0 0x1010 0x7150005 0x0 0x0 0x0 0x0 0x0 0x7180003 0x0 0xfc8 0x72c0007 0x0 0x158 0x0 0x7330005 0x0 0x0 0x0 0x0 0x0 0x73b0005 0x0 0x0 0x0 0x0 0x0 0x7440005 0x0 0x0 0x0 0x0 0x0 0x74c0005 0x0 0x0 0x0 0x0 0x0 0x7540005 0x0 0x0 0x0 0x0 0x0 0x75c0005 0x0 0x0 0x0 0x0 0x0 0x75f0003 0x0 0xe70 0x7660005 0x0 0x0 0x0 0x0 0x0 0x76f0005 0x0 0x0 0x0 0x0 0x0 0x7770005 0x0 0x0 0x0 0x0 0x0 0x77a0003 0x0 0xdc8 0x78e0007 0x0 0x1b8 0x0 0x7950005 0x0 0x0 0x0 0x0 0x0 0x79d0005 0x0 0x0 0x0 0x0 0x0 0x7a50005 0x0 0x0 0x0 0x0 0x0 0x7af0005 0x0 0x0 0x0 0x0 0x0 0x7b70005 0x0 0x0 0x0 0x0 0x0 0x7c00005 0x0 0x0 0x0 0x0 0x0 0x7c80005 0x0 0x0 0x0 0x0 0x0 0x7d00005 0x0 0x0 0x0 0x0 0x0 0x7d30003 0x0 0xc10 0x7da0005 0x0 0x0 0x0 0x0 0x0 0x7e20005 0x0 0x0 0x0 0x0 0x0 0x7eb0005 0x0 0x0 0x0 0x0 0x0 0x7f30005 0x0 0x0 0x0 0x0 0x0 0x7fb0005 0x0 0x0 0x0 0x0 0x0 0x7fe0003 0x0 0xb08 0x8120007 0x0 0x370 0x0 0x8190005 0x0 0x0 0x0 0x0 0x0 0x8210005 0x0 0x0 0x0 0x0 0x0 0x8360007 0x0 0x1b8 0x0 0x83d0005 0x0 0x0 0x0 0x0 0x0 0x8460005 0x0 0x0 0x0 0x0 0x0 0x8500005 0x0 0x0 0x0 0x0 0x0 0x8580005 0x0 0x0 0x0 0x0 0x0 0x8610005 0x0 0x0 0x0 0x0 0x0 0x86a0005 0x0 0x0 0x0 0x0 0x0 0x8720005 0x0 0x0 0x0 0x0 0x0 0x87a0005 0x0 0x0 0x0 0x0 0x0 0x87d0003 0x0 0x138 0x8840005 0x0 0x0 0x0 0x0 0x0 0x88e0005 0x0 0x0 0x0 0x0 0x0 0x8960005 0x0 0x0 0x0 0x0 0x0 0x89f0005 0x0 0x0 0x0 0x0 0x0 0x8a70005 0x0 0x0 0x0 0x0 0x0 0x8af0005 0x0 0x0 0x0 0x0 0x0 0x8b20003 0x0 0x798 0x8b90005 0x0 0x0 0x0 0x0 0x0 0x8ce0007 0x0 0x158 0x0 0x8d50005 0x0 0x0 0x0 0x0 0x0 0x8dd0005 0x0 0x0 0x0 0x0 0x0 0x8e70005 0x0 0x0 0x0 0x0 0x0 0x8f00005 0x0 0x0 0x0 0x0 0x0 0x8f80005 0x0 0x0 0x0 0x0 0x0 0x9000005 0x0 0x0 0x0 0x0 0x0 0x9030003 0x0 0xd8 0x90a0005 0x0 0x0 0x0 0x0 0x0 0x9130005 0x0 0x0 0x0 0x0 0x0 0x91b0005 0x0 0x0 0x0 0x0 0x0 0x9230005 0x0 0x0 0x0 0x0 0x0 0x9260003 0x0 0x538 0x92d0005 0x0 0x0 0x0 0x0 0x0 0x9420007 0x0 0x158 0x0 0x9490005 0x0 0x0 0x0 0x0 0x0 0x9510005 0x0 0x0 0x0 0x0 0x0 0x95b0005 0x0 0x0 0x0 0x0 0x0 0x9640005 0x0 0x0 0x0 0x0 0x0 0x96c0005 0x0 0x0 0x0 0x0 0x0 0x9740005 0x0 0x0 0x0 0x0 0x0 0x9770003 0x0 0xd8 0x97e0005 0x0 0x0 0x0 0x0 0x0 0x9870005 0x0 0x0 0x0 0x0 0x0 0x98f0005 0x0 0x0 0x0 0x0 0x0 0x9970005 0x0 0x0 0x0 0x0 0x0 0x99a0003 0x0 0x2d8 0x9a20005 0x0 0x0 0x0 0x0 0x0 0x9b00005 0x0 0x0 0x0 0x0 0x0 0x9b30003 0x0 0x260 0x9bb0005 0x0 0x0 0x0 0x0 0x0 0x9c90005 0x0 0x0 0x0 0x0 0x0 0x9cc0003 0x0 0x1e8 0x9d30005 0x0 0x0 0x0 0x0 0x0 0x9db0005 0x0 0x0 0x0 0x0 0x0 0x9e40005 0x0 0x0 0x0 0x0 0x0 0x9ec0005 0x0 0x0 0x0 0x0 0x0 0x9ef0003 0x0 0x110 0x9f70005 0x0 0x0 0x0 0x0 0x0 0x9fa0003 0x0 0xc8 0x9fe0005 0x0 0x0 0x0 0x0 0x0 0xa010003 0x0 0x80 0xa0a0005 0x0 0x0 0x0 0x0 0x0 0xa0d0003 0x0 0x38 0xa150002 0x0 0xa180002 0x0 0xa1d0005 0x0 0x1a1a7d50 0x184 0x0 0x0 oops 10 464 com/sun/tools/javac/jvm/Code$State 473 com/sun/tools/javac/jvm/Code$State 509 com/sun/tools/javac/jvm/Code$State 518 com/sun/tools/javac/jvm/Code$State 527 com/sun/tools/javac/jvm/Code$State 605 com/sun/tools/javac/jvm/Code$State 686 com/sun/tools/javac/jvm/Code$State 704 com/sun/tools/javac/jvm/Code 737 com/sun/tools/javac/jvm/Code$State 1533 com/sun/tools/javac/jvm/Code
ciMethodData com/sun/tools/javac/jvm/Code$State push (Lcom/sun/tools/javac/code/Type;)V 1 1281 orig 264 72 34 250 108 0 0 0 0 184 76 176 26 0 0 0 0 184 4 0 0 56 3 0 0 0 0 0 0 0 0 0 0 0 0 0 0 0 0 0 0 0 0 0 0 0 0 0 0 0 0 0 0 0 0 0 0 0 0 0 0 0 0 0 0 0 0 0 0 0 0 0 0 0 0 0 0 0 0 0 0 77 68 79 32 101 120 116 114 97 32 100 97 116 97 32 108 111 99 107 0 0 0 0 0 0 0 0 0 0 0 0 0 0 0 0 0 0 0 0 0 0 0 0 0 0 0 0 0 0 0 0 0 0 0 0 0 0 0 0 0 0 0 0 0 0 0 0 0 0 0 0 0 0 0 0 0 0 0 0 0 0 0 0 0 0 0 0 0 0 0 0 0 0 0 0 0 0 0 0 0 0 0 0 0 0 0 0 0 0 0 0 0 0 0 0 0 0 0 0 0 0 0 0 0 0 0 0 0 0 0 0 0 0 0 0 0 0 2 0 0 9 24 0 0 1 0 0 0 0 0 0 0 0 0 0 0 2 0 0 0 0 0 34 0 2 0 0 0 104 3 0 0 255 255 255 255 7 0 7 0 0 0 0 0 data 109 0x70007 0x301 0xf0 0x0 0x110002 0x0 0x160005 0x0 0x0 0x0 0x0 0x0 0x1a0005 0x0 0x0 0x0 0x0 0x0 0x1d0005 0x0 0x0 0x0 0x0 0x0 0x200005 0x0 0x0 0x0 0x0 0x0 0x270005 0x110 0x1a09a790 0x1b2 0x1a09a840 0x3f 0x2a0005 0xc9 0x1a09a8f0 0x238 0x0 0x0 0x2e0008 0x14 0x8a 0xc8 0x0 0xb0 0x0 0xb0 0x0 0xb0 0x11 0xc8 0x0 0xc8 0x0 0xc8 0x0 0xc8 0x0 0xb0 0x2e 0xb0 0x6c0003 0x0 0x18 0x7a0002 0x2a2 0x7d0004 0x0 0x1a09a9a0 0x2a2 0x0 0x0 0x930004 0x0 0x1a09a790 0x1b2 0x1a09a840 0x3f 0x950002 0x2a2 0x980008 0x6 0x0 0xa0 0x9b 0x40 0x0 0x58 0xb40003 0x2a2 0x70 0xc70004 0x0 0x0 0x0 0x0 0x0 0xc80003 0x0 0x28 0xd00002 0x0 0xdf0007 0x287 0x20 0x1b oops 6 32 com/sun/tools/javac/code/Type$ClassType 34 com/sun/tools/javac/jvm/UninitializedType 38 com/sun/tools/javac/code/TypeTag 71 [Lcom/sun/tools/javac/code/Type; 77 com/sun/tools/javac/code/Type$ClassType 79 com/sun/tools/javac/jvm/UninitializedType
ciMethodData com/sun/tools/javac/jvm/Code$State pop (I)V 1 1082 orig 264 72 34 250 108 0 0 0 0 64 80 176 26 0 0 0 0 168 2 0 0 192 0 0 0 0 0 0 0 0 0 0 0 0 0 0 0 0 0 0 0 0 0 0 0 0 0 0 0 0 0 0 0 0 0 0 0 0 0 0 0 0 0 0 0 0 0 0 0 0 0 0 0 0 0 0 0 0 0 0 0 77 68 79 32 101 120 116 114 97 32 100 97 116 97 32 108 111 99 107 0 0 0 0 0 0 0 0 0 0 0 0 0 0 0 0 0 0 0 0 0 0 0 0 0 0 0 0 0 0 0 0 0 0 0 0 0 0 0 0 0 0 0 0 0 0 0 0 0 0 0 0 0 0 0 0 0 0 0 0 0 0 0 0 0 0 0 0 0 0 0 0 0 0 0 0 0 0 0 0 0 0 0 0 0 0 0 0 0 0 0 0 0 0 0 0 0 0 0 0 0 0 0 0 0 0 0 0 0 0 0 0 0 0 0 0 0 47 2 0 0 209 8 0 0 89 16 0 0 0 0 0 0 0 0 0 0 2 0 0 0 1 0 15 0 2 0 0 0 88 1 0 0 255 255 255 255 7 0 7 0 0 0 0 0 data 43 0x70007 0x11a 0xf0 0x0 0x110002 0x0 0x160005 0x0 0x0 0x0 0x0 0x0 0x1a0005 0x0 0x0 0x0 0x0 0x0 0x1d0005 0x0 0x0 0x0 0x0 0x0 0x200005 0x0 0x0 0x0 0x0 0x0 0x240007 0x11a 0x68 0x20b 0x370104 0x0 0x0 0x0 0x0 0x0 0x3b0003 0x20b 0xffffffffffffffb0 oops 0
ciMethodData com/sun/tools/javac/jvm/Code postop ()V 1 756 orig 264 72 34 250 108 0 0 0 0 168 246 8 23 0 0 0 0 176 1 0 0 88 0 0 0 0 0 0 0 0 0 0 0 0 0 0 0 0 0 0 0 0 0 0 0 0 0 0 0 0 0 0 0 0 0 0 0 0 0 0 0 0 0 0 0 0 0 0 0 0 0 0 0 0 0 0 0 0 0 0 0 77 68 79 32 101 120 116 114 97 32 100 97 116 97 32 108 111 99 107 0 0 0 0 0 0 0 0 0 0 0 0 0 0 0 0 0 0 0 0 0 0 0 0 0 0 0 0 0 0 0 0 0 0 0 0 0 0 0 0 0 0 0 0 0 0 0 0 0 0 0 0 0 0 0 0 0 0 0 0 0 0 0 0 0 0 0 0 0 0 0 0 0 0 0 0 0 0 0 0 0 0 0 0 0 0 0 0 0 0 0 0 0 0 0 0 0 0 0 0 0 0 0 0 0 0 0 0 0 0 0 0 0 0 0 0 0 0 2 0 0 161 7 0 0 1 0 0 0 0 0 0 0 0 0 0 0 2 0 0 0 0 0 12 0 2 0 0 0 104 0 0 0 255 255 255 255 7 0 4 0 0 0 0 0 data 13 0x40007 0xea 0x40 0xa 0xe0007 0x0 0x38 0xa 0x120003 0xf4 0x18 0x160002 0xf4 oops 0
ciMethodData com/sun/tools/javac/jvm/Code$State pop1 ()Lcom/sun/tools/javac/code/Type; 1 0 orig 264 72 34 250 108 0 0 0 0 168 77 176 26 0 0 0 0 64 2 0 0 232 0 0 0 0 0 0 0 0 0 0 0 0 0 0 0 0 0 0 0 0 0 0 0 0 0 0 0 0 0 0 0 0 0 0 0 0 0 0 0 0 0 0 0 0 0 0 0 0 0 0 0 0 0 0 0 0 0 0 0 77 68 79 32 101 120 116 114 97 32 100 97 116 97 32 108 111 99 107 0 0 0 0 0 0 0 0 0 0 0 0 0 0 0 0 0 0 0 0 0 0 0 0 0 0 0 0 0 0 0 0 0 0 0 0 0 0 0 0 0 0 0 0 0 0 0 0 0 0 0 0 0 0 0 0 0 0 0 0 0 0 0 0 0 0 0 0 0 0 0 0 0 0 0 0 0 0 0 0 0 0 0 0 0 0 0 0 0 0 0 0 0 0 0 0 0 0 0 0 0 0 0 0 0 0 0 0 0 0 0 0 0 0 0 0 0 0 0 0 0 1 0 0 0 1 0 0 0 0 0 0 0 0 0 0 0 2 0 0 0 0 0 0 0 0 0 0 0 248 0 0 0 255 255 255 255 7 0 7 0 0 0 0 0 data 31 0x70007 0x0 0x50 0x0 0xf0005 0x0 0x0 0x0 0x0 0x0 0x2f0004 0x0 0x0 0x0 0x0 0x0 0x310007 0x0 0x68 0x0 0x350002 0x0 0x390007 0x0 0x38 0x0 0x3d0003 0x0 0x18 0x410002 0x0 oops 0
ciMethodData com/sun/tools/javac/jvm/Code$State pop2 ()Lcom/sun/tools/javac/code/Type; 1 0 orig 264 72 34 250 108 0 0 0 0 80 79 176 26 0 0 0 0 96 2 0 0 8 1 0 0 0 0 0 0 0 0 0 0 0 0 0 0 0 0 0 0 0 0 0 0 0 0 0 0 0 0 0 0 0 0 0 0 0 0 0 0 0 0 0 0 0 0 0 0 0 0 0 0 0 0 0 0 0 0 0 0 77 68 79 32 101 120 116 114 97 32 100 97 116 97 32 108 111 99 107 0 0 0 0 0 0 0 0 0 0 0 0 0 0 0 0 0 0 0 0 0 0 0 0 0 0 0 0 0 0 0 0 0 0 0 0 0 0 0 0 0 0 0 0 0 0 0 0 0 0 0 0 0 0 0 0 0 0 0 0 0 0 0 0 0 0 0 0 0 0 0 0 0 0 0 0 0 0 0 0 0 0 0 0 0 0 0 0 0 0 0 0 0 0 0 0 0 0 0 0 0 0 0 0 0 0 0 0 0 0 0 0 0 0 0 0 0 0 0 0 0 1 0 0 0 1 0 0 0 0 0 0 0 0 0 0 0 2 0 0 0 0 0 0 0 0 0 0 0 24 1 0 0 255 255 255 255 7 0 7 0 0 0 0 0 data 35 0x70007 0x0 0x50 0x0 0xf0005 0x0 0x0 0x0 0x0 0x0 0x2f0004 0x0 0x0 0x0 0x0 0x0 0x3b0007 0x0 0x88 0x0 0x3f0007 0x0 0x68 0x0 0x430002 0x0 0x470007 0x0 0x38 0x0 0x4b0003 0x0 0x18 0x4f0002 0x0 oops 0
ciMethodData com/sun/tools/javac/jvm/Code markDead ()V 1 70 orig 264 72 34 250 108 0 0 0 0 16 27 9 23 0 0 0 0 32 1 0 0 0 0 0 0 0 0 0 0 0 0 0 0 0 0 0 0 0 0 0 0 0 0 0 0 0 0 0 0 0 0 0 0 0 0 0 0 0 0 0 0 0 0 0 0 0 0 0 0 0 0 0 0 0 0 0 0 0 0 0 0 77 68 79 32 101 120 116 114 97 32 100 97 116 97 32 108 111 99 107 0 0 0 0 0 0 0 0 0 0 0 0 0 0 0 0 0 0 0 0 0 0 0 0 0 0 0 0 0 0 0 0 0 0 0 0 0 0 0 0 0 0 0 0 0 0 0 0 0 0 0 0 0 0 0 0 0 0 0 0 0 0 0 0 0 0 0 0 0 0 0 0 0 0 0 0 0 0 0 0 0 0 0 0 0 0 0 0 0 0 0 0 0 0 0 0 0 0 0 0 0 0 0 0 0 0 0 0 0 0 0 0 0 0 0 0 0 70 0 0 0 1 0 0 0 1 0 0 0 0 0 0 0 0 0 0 0 2 0 0 0 0 0 0 0 0 0 0 0 0 0 0 0 255 255 255 255 0 0 0 0 0 0 0 0 data 0 oops 0
instanceKlass com/sun/tools/javac/code/TypeAnnotationPosition$TypePathEntry
instanceKlass com/sun/tools/javac/comp/DeferredAttr$DeferredType$SpeculativeCache$Entry
instanceKlass com/sun/tools/javac/comp/DeferredAttr$DeferredType$SpeculativeCache
instanceKlass com/sun/tools/javac/tree/TreeMaker$1
instanceKlass com/sun/tools/javac/comp/DeferredAttr$5
instanceKlass com/sun/tools/javac/tree/TreeCopier
instanceKlass com/sun/tools/javac/comp/DeferredAttr$6
instanceKlass java/util/concurrent/Callable
instanceKlass com/sun/tools/javac/jvm/ClassFile$NameAndType
instanceKlass com/sun/tools/javac/jvm/ClassWriter$1
instanceKlass javax/tools/StandardLocation$2
instanceKlass com/sun/tools/javac/jvm/ClassWriter$StackMapTableFrame
instanceKlass com/sun/tools/javac/jvm/Code$StackMapFrame
instanceKlass com/sun/tools/javac/jvm/Code$Chain
instanceKlass com/sun/tools/javac/code/Kinds$1
instanceKlass com/sun/tools/javac/code/Kinds
instanceKlass com/sun/tools/javac/code/Types$MethodFilter
instanceKlass com/sun/tools/javac/code/Types$DescriptorFilter
instanceKlass com/sun/tools/javac/code/Types$UniqueType
instanceKlass com/sun/tools/javac/model/FilteredMemberList$1
instanceKlass com/sun/tools/javac/jvm/Code$LocalVar$Range
instanceKlass com/sun/tools/javac/jvm/Items
instanceKlass com/sun/tools/javac/jvm/Code$LocalVar
instanceKlass com/sun/tools/javac/jvm/Code$State
instanceKlass com/sun/tools/javac/jvm/Code$1
instanceKlass com/sun/tools/javac/jvm/Code
instanceKlass com/sun/tools/javac/jvm/Gen$GenContext
instanceKlass com/sun/tools/javac/jvm/Gen$3
instanceKlass com/sun/tools/javac/comp/Lower$7
instanceKlass com/sun/tools/javac/comp/Flow$2
instanceKlass com/sun/tools/javac/util/Bits$1
instanceKlass com/sun/tools/javac/util/Bits
instanceKlass com/sun/tools/javac/comp/Flow$BaseAnalyzer$PendingExit
instanceKlass com/sun/tools/javac/comp/DeferredAttr$DeferredChecker$3
instanceKlass com/sun/tools/javac/comp/DeferredAttr$DeferredChecker$1
instanceKlass com/sun/tools/javac/comp/DeferredAttr$FilterScanner$1
instanceKlass com/sun/tools/javac/comp/DeferredAttr$MethodAnalyzer
instanceKlass java/util/Formattable
instanceKlass java/util/Formatter$Conversion
instanceKlass java/util/Formatter$Flags
instanceKlass java/util/Formatter$FormatSpecifier
instanceKlass java/util/Formatter$FixedString
instanceKlass java/util/Formatter$FormatString
instanceKlass java/util/Currency$CurrencyNameGetter
instanceKlass sun/util/locale/provider/LocaleServiceProviderPool$LocalizedObjectGetter
instanceKlass sun/util/locale/provider/SPILocaleProviderAdapter$1
instanceKlass sun/util/locale/provider/LocaleServiceProviderPool
instanceKlass java/util/Currency$1
instanceKlass java/util/Currency
instanceKlass java/util/concurrent/atomic/AtomicMarkableReference$Pair
instanceKlass java/util/concurrent/atomic/AtomicMarkableReference
instanceKlass java/util/ResourceBundle$RBClassLoader$1
instanceKlass sun/util/resources/LocaleData$1
instanceKlass sun/util/resources/LocaleData
instanceKlass sun/util/locale/provider/LocaleResources
instanceKlass sun/util/locale/LanguageTag
instanceKlass sun/util/locale/provider/JRELocaleProviderAdapter$1
instanceKlass sun/util/locale/provider/LocaleDataMetaInfo
instanceKlass sun/util/locale/provider/AvailableLanguageTags
instanceKlass sun/util/locale/provider/LocaleProviderAdapter$1
instanceKlass sun/util/locale/provider/ResourceBundleBasedAdapter
instanceKlass sun/util/locale/provider/LocaleProviderAdapter
instanceKlass java/util/spi/LocaleServiceProvider
instanceKlass java/text/DecimalFormatSymbols
instanceKlass java/util/Locale$1
instanceKlass java/util/Formatter
instanceKlass com/sun/tools/javac/code/Scope$CompoundScope$2
instanceKlass com/sun/tools/javac/comp/Check$ClashFilter
instanceKlass com/sun/tools/javac/comp/Resolve$MostSpecificCheck
instanceKlass com/sun/tools/javac/comp/Resolve$MethodCheckContext
instanceKlass com/sun/tools/javac/code/Flags
instanceKlass com/sun/tools/javac/code/Scope$3$1
instanceKlass com/sun/tools/javac/code/Scope$3
instanceKlass com/sun/tools/javac/code/Scope$CompoundScope$CompoundScopeIterator
instanceKlass com/sun/tools/javac/code/Scope$CompoundScope$1
instanceKlass com/sun/tools/javac/comp/Check$DefaultMethodClashFilter
instanceKlass com/sun/tools/javac/main/JavaCompiler$2
instanceKlass com/sun/tools/javac/tree/Pretty$1
instanceKlass com/sun/tools/javac/code/TypeAnnotations$3
instanceKlass com/sun/tools/javac/code/TypeAnnotationPosition
instanceKlass com/sun/tools/javac/code/Types$ImplementationCache$Entry
instanceKlass com/sun/tools/javac/comp/Resolve$MethodResolutionContext$Candidate
instanceKlass com/sun/tools/javac/code/Scope$4$1
instanceKlass com/sun/tools/javac/code/Scope$4
instanceKlass com/sun/tools/javac/comp/Resolve$LookupFilter
instanceKlass com/sun/tools/javac/comp/Resolve$5$1
instanceKlass com/sun/tools/javac/comp/Resolve$5
instanceKlass com/sun/tools/javac/comp/Resolve$MethodResolutionContext
instanceKlass com/sun/tools/javac/comp/Annotate$AnnotateRepeatedContext
instanceKlass com/sun/tools/javac/code/Types$27
instanceKlass com/sun/tools/javac/comp/MemberEnter$4
instanceKlass com/sun/tools/javac/comp/MemberEnter$3
instanceKlass com/sun/tools/javac/comp/MemberEnter$6
instanceKlass com/sun/tools/javac/comp/MemberEnter$5
instanceKlass com/sun/tools/javac/code/SymbolMetadata
instanceKlass com/sun/tools/javac/code/TypeAnnotations$2
instanceKlass com/sun/tools/javac/code/TypeAnnotations$1
instanceKlass com/sun/tools/javac/code/Scope$1
instanceKlass com/sun/tools/javac/jvm/ClassReader$AnnotationDeproxy
instanceKlass com/sun/tools/javac/jvm/ClassReader$ProxyVisitor
instanceKlass com/sun/tools/javac/util/Pair
instanceKlass com/sun/tools/javac/comp/Attr$15
instanceKlass com/sun/tools/javac/jvm/ClassReader$25
instanceKlass com/sun/tools/javac/comp/AttrContext
instanceKlass com/sun/tools/javac/file/JavacFileManager$MissingArchive
instanceKlass java/lang/StringCoding$StringEncoder
instanceKlass java/io/RandomAccessFile$1
instanceKlass java/util/ComparableTimSort
instanceKlass sun/security/action/GetBooleanAction
instanceKlass java/util/Arrays$LegacyMergeSort
instanceKlass com/sun/tools/javac/file/ZipFileIndex$Entry
instanceKlass com/sun/tools/javac/file/ZipFileIndex$DirectoryEntry
instanceKlass com/sun/tools/javac/file/ZipFileIndex$ZipDirectory
instanceKlass java/io/RandomAccessFile
instanceKlass java/io/DataInput
instanceKlass java/io/DataOutput
instanceKlass com/sun/tools/javac/file/ZipFileIndex
instanceKlass com/sun/tools/javac/file/ZipFileIndexArchive
instanceKlass com/sun/tools/javac/util/Position$LineMapImpl
instanceKlass com/sun/tools/javac/util/Position$LineMap
instanceKlass com/sun/tools/javac/util/Position
instanceKlass com/sun/tools/javac/tree/TreeInfo$2
instanceKlass com/sun/tools/javac/parser/JavacParser$2
instanceKlass com/sun/tools/javac/parser/JavaTokenizer$1
instanceKlass com/sun/tools/javac/parser/JavaTokenizer$BasicComment
instanceKlass com/sun/tools/javac/parser/JavacParser$1
instanceKlass com/sun/tools/javac/parser/JavacParser$AbstractEndPosTable
instanceKlass com/sun/tools/javac/tree/DocCommentTable
instanceKlass com/sun/tools/javac/parser/JavacParser$ErrorRecoveryAction
instanceKlass com/sun/tools/javac/tree/EndPosTable
instanceKlass com/sun/tools/javac/parser/JavacParser
instanceKlass com/sun/tools/javac/parser/UnicodeReader
instanceKlass sun/misc/FloatingDecimal$HexFloatPattern
instanceKlass sun/misc/FloatingDecimal$PreparedASCIIToBinaryBuffer
instanceKlass sun/misc/FloatingDecimal$ASCIIToBinaryConverter
instanceKlass sun/misc/FloatingDecimal$BinaryToASCIIBuffer
instanceKlass sun/misc/FloatingDecimal$ExceptionalBinaryToASCIIBuffer
instanceKlass sun/misc/FloatingDecimal$BinaryToASCIIConverter
instanceKlass sun/misc/FloatingDecimal
instanceKlass com/sun/tools/javac/parser/Tokens$Comment
instanceKlass com/sun/tools/javac/parser/Scanner
instanceKlass com/sun/source/tree/LineMap
instanceKlass com/sun/tools/javac/util/BaseFileManager$ContentCacheEntry
instanceKlass com/sun/tools/javac/util/DiagnosticSource
instanceKlass com/sun/tools/javac/processing/JavacProcessingEnvironment$DiscoveredProcessors$ProcessorStateIterator
instanceKlass com/sun/tools/javac/processing/JavacProcessingEnvironment$DiscoveredProcessors
instanceKlass com/sun/tools/javac/util/ServiceLoader$1
instanceKlass com/sun/tools/javac/util/ServiceLoader$LazyIterator
instanceKlass com/sun/tools/javac/util/ServiceLoader
instanceKlass javax/annotation/processing/Processor
instanceKlass com/sun/tools/javac/processing/JavacProcessingEnvironment$ServiceIterator
instanceKlass java/net/URI$Parser
instanceKlass java/net/URI
instanceKlass java/util/Collections$EmptyIterator
instanceKlass java/util/zip/ZStreamRef
instanceKlass java/util/zip/Inflater
instanceKlass com/sun/tools/javac/util/StringUtils
instanceKlass com/sun/tools/javac/file/CacheFSInfo$Entry
instanceKlass com/sun/tools/javac/util/ListBuffer$1
instanceKlass java/util/Collections$UnmodifiableCollection$1
instanceKlass com/sun/tools/javac/model/JavacTypes
instanceKlass com/sun/tools/javac/model/JavacElements
instanceKlass com/sun/tools/javac/processing/JavacMessager
instanceKlass com/sun/tools/javac/processing/JavacFiler
instanceKlass java/util/regex/Pattern$CharPropertyNames$CharPropertyFactory
instanceKlass java/util/regex/Pattern$CharPropertyNames
instanceKlass javax/annotation/processing/RoundEnvironment
instanceKlass javax/annotation/processing/Messager
instanceKlass javax/annotation/processing/Filer
instanceKlass com/sun/tools/javac/processing/JavacProcessingEnvironment
instanceKlass java/util/ArrayList$Itr
instanceKlass com/sun/tools/javac/file/BaseFileObject
instanceKlass com/sun/tools/javac/util/ForwardingDiagnosticFormatter$ForwardingConfiguration
instanceKlass com/sun/tools/javac/code/Types$DefaultSymbolVisitor
instanceKlass com/sun/tools/javac/util/ForwardingDiagnosticFormatter
instanceKlass com/sun/tools/javac/api/ClientCodeWrapper
instanceKlass com/sun/tools/javac/api/MultiTaskListener
instanceKlass com/sun/tools/javac/comp/TransTypes$1
instanceKlass com/sun/tools/javac/jvm/Pool
instanceKlass com/sun/tools/javac/comp/Lower$TreeBuilder
instanceKlass com/sun/tools/javac/jvm/Items$Item
instanceKlass com/sun/tools/javac/jvm/Gen$GenFinalizer
instanceKlass com/sun/tools/javac/parser/JavaTokenizer
instanceKlass com/sun/tools/javac/parser/ScannerFactory
instanceKlass com/sun/tools/javac/parser/Tokens$Token
instanceKlass com/sun/tools/javac/parser/Tokens
instanceKlass com/sun/tools/javac/tree/DocTreeMaker
instanceKlass com/sun/tools/javac/parser/Lexer
instanceKlass com/sun/tools/javac/parser/ParserFactory
instanceKlass javax/lang/model/util/Elements
instanceKlass javax/lang/model/util/Types
instanceKlass com/sun/tools/javac/jvm/JNIWriter
instanceKlass com/sun/tools/javac/code/Types$SignatureGenerator
instanceKlass com/sun/tools/javac/jvm/ClassWriter$AttributeWriter
instanceKlass com/sun/tools/javac/util/ByteBuffer
instanceKlass com/sun/tools/javac/jvm/ClassFile
instanceKlass com/sun/tools/javac/jvm/ClassReader$AttributeReader
instanceKlass com/sun/tools/javac/util/MandatoryWarningHandler
instanceKlass com/sun/tools/javac/tree/TreeInfo
instanceKlass com/sun/tools/javac/comp/DeferredAttr$4
instanceKlass com/sun/tools/javac/comp/DeferredAttr$3
instanceKlass com/sun/tools/javac/comp/DeferredAttr$2
instanceKlass com/sun/tools/javac/comp/DeferredAttr$DeferredAttrContext
instanceKlass com/sun/tools/javac/comp/DeferredAttr$DeferredStuckPolicy
instanceKlass com/sun/tools/javac/comp/DeferredAttr$DeferredTypeCompleter
instanceKlass com/sun/tools/javac/comp/Infer$GraphStrategy
instanceKlass com/sun/tools/javac/comp/Infer$InferenceContext
instanceKlass javax/lang/model/element/TypeParameterElement
instanceKlass com/sun/tools/javac/comp/Infer
instanceKlass com/sun/tools/javac/code/DeferredLintHandler$1
instanceKlass com/sun/tools/javac/code/DeferredLintHandler
instanceKlass com/sun/tools/javac/code/TypeAnnotations
instanceKlass com/sun/tools/javac/comp/TypeEnvs
instanceKlass com/sun/tools/javac/comp/ConstFold
instanceKlass javax/lang/model/element/AnnotationMirror
instanceKlass com/sun/tools/javac/comp/Annotate
instanceKlass com/sun/tools/javac/tree/TreeMaker$AnnotationBuilder
instanceKlass com/sun/tools/javac/tree/TreeMaker
instanceKlass com/sun/tools/javac/tree/JCTree$Factory
instanceKlass com/sun/tools/javac/comp/Env
instanceKlass com/sun/tools/javac/comp/Flow
instanceKlass com/sun/source/util/SimpleTreeVisitor
instanceKlass com/sun/tools/javac/comp/Attr$14
instanceKlass javax/lang/model/type/UnionType
instanceKlass com/sun/tools/javac/comp/Check$NestedCheckContext
instanceKlass com/sun/source/tree/IntersectionTypeTree
instanceKlass com/sun/source/tree/UnionTypeTree
instanceKlass com/sun/source/tree/InstanceOfTree
instanceKlass com/sun/source/tree/PrimitiveTypeTree
instanceKlass com/sun/source/tree/ArrayTypeTree
instanceKlass com/sun/source/tree/VariableTree
instanceKlass com/sun/source/tree/MethodInvocationTree
instanceKlass com/sun/source/tree/EnhancedForLoopTree
instanceKlass com/sun/source/tree/ParameterizedTypeTree
instanceKlass com/sun/source/tree/AssignmentTree
instanceKlass com/sun/source/tree/EmptyStatementTree
instanceKlass com/sun/source/tree/MemberReferenceTree
instanceKlass com/sun/source/tree/ParenthesizedTree
instanceKlass com/sun/source/tree/LambdaExpressionTree
instanceKlass com/sun/source/tree/CompoundAssignmentTree
instanceKlass com/sun/source/tree/LabeledStatementTree
instanceKlass com/sun/source/tree/ArrayAccessTree
instanceKlass com/sun/source/tree/ExpressionStatementTree
instanceKlass com/sun/source/tree/DoWhileLoopTree
instanceKlass com/sun/source/tree/ConditionalExpressionTree
instanceKlass com/sun/source/tree/TypeCastTree
instanceKlass com/sun/source/tree/TryTree
instanceKlass com/sun/source/tree/ThrowTree
instanceKlass com/sun/source/tree/UnaryTree
instanceKlass com/sun/source/tree/WhileLoopTree
instanceKlass com/sun/source/tree/ForLoopTree
instanceKlass com/sun/source/tree/BinaryTree
instanceKlass com/sun/source/tree/ImportTree
instanceKlass com/sun/source/tree/ErroneousTree
instanceKlass com/sun/source/tree/AssertTree
instanceKlass com/sun/source/tree/ContinueTree
instanceKlass com/sun/source/tree/IfTree
instanceKlass com/sun/source/tree/BreakTree
instanceKlass com/sun/source/tree/CatchTree
instanceKlass com/sun/source/tree/CaseTree
instanceKlass com/sun/source/tree/BlockTree
instanceKlass com/sun/source/tree/ReturnTree
instanceKlass com/sun/source/tree/SwitchTree
instanceKlass com/sun/source/tree/NewArrayTree
instanceKlass com/sun/source/tree/ModifiersTree
instanceKlass com/sun/source/tree/LiteralTree
instanceKlass com/sun/source/tree/WildcardTree
instanceKlass com/sun/source/tree/AnnotatedTypeTree
instanceKlass com/sun/source/tree/TypeParameterTree
instanceKlass com/sun/source/tree/SynchronizedTree
instanceKlass com/sun/tools/javac/api/Formattable$LocalizedString
instanceKlass com/sun/tools/javac/api/Formattable
instanceKlass com/sun/tools/javac/comp/Resolve$7
instanceKlass com/sun/tools/javac/comp/Resolve$6
instanceKlass com/sun/tools/javac/comp/Attr$ResultInfo
instanceKlass com/sun/tools/javac/comp/Resolve$AbstractMethodCheck
instanceKlass com/sun/tools/javac/comp/Resolve$2
instanceKlass com/sun/tools/javac/comp/Resolve$LookupHelper
instanceKlass com/sun/tools/javac/comp/Resolve$LogResolveHelper
instanceKlass com/sun/tools/javac/comp/Resolve$MethodCheck
instanceKlass com/sun/tools/javac/comp/Resolve
instanceKlass com/sun/tools/javac/comp/Check$6
instanceKlass com/sun/tools/javac/comp/Check$1
instanceKlass com/sun/source/tree/AnnotationTree
instanceKlass com/sun/tools/javac/tree/JCTree$Visitor
instanceKlass com/sun/source/tree/NewClassTree
instanceKlass com/sun/tools/javac/util/Warner
instanceKlass com/sun/tools/javac/code/DeferredLintHandler$LintLogger
instanceKlass com/sun/source/tree/MethodTree
instanceKlass com/sun/tools/javac/comp/Infer$FreeTypeListener
instanceKlass com/sun/tools/javac/comp/Check$CheckContext
instanceKlass com/sun/tools/javac/comp/Check
instanceKlass com/sun/tools/javac/code/Types$ImplementationCache
instanceKlass com/sun/tools/javac/code/Types$3
instanceKlass com/sun/tools/javac/util/JCDiagnostic
instanceKlass com/sun/tools/javac/code/Types$DescriptorCache$FunctionDescriptor
instanceKlass com/sun/tools/javac/code/Types$DescriptorCache
instanceKlass com/sun/tools/javac/code/Scope$ScopeListener
instanceKlass javax/lang/model/type/IntersectionType
instanceKlass com/sun/tools/javac/code/Type$Mapping
instanceKlass com/sun/tools/javac/code/Types$DefaultTypeVisitor
instanceKlass com/sun/tools/javac/code/Types
instanceKlass com/sun/tools/javac/code/Symtab$2
instanceKlass com/sun/tools/javac/code/Symtab$1
instanceKlass com/sun/tools/javac/code/Symbol$MethodSymbol$2
instanceKlass com/sun/tools/javac/code/Scope$2
instanceKlass com/sun/tools/javac/code/Scope$Entry
instanceKlass com/sun/tools/javac/util/Filter
instanceKlass java/lang/annotation/Repeatable
instanceKlass javax/lang/model/type/NullType
instanceKlass com/sun/tools/javac/code/Symtab
instanceKlass com/sun/tools/javac/jvm/ClassReader$1
instanceKlass javax/lang/model/type/ExecutableType
instanceKlass com/sun/tools/javac/comp/Annotate$Worker
instanceKlass com/sun/tools/javac/code/Attribute
instanceKlass javax/lang/model/element/AnnotationValue
instanceKlass javax/lang/model/type/NoType
instanceKlass com/sun/tools/javac/code/Scope
instanceKlass com/sun/tools/javac/code/Symbol$Completer
instanceKlass com/sun/tools/javac/jvm/ClassReader
instanceKlass com/sun/tools/javac/util/Convert
instanceKlass com/sun/tools/javac/util/ArrayUtils
instanceKlass com/sun/tools/javac/util/Name
instanceKlass javax/lang/model/element/Name
instanceKlass com/sun/tools/javac/util/Name$Table
instanceKlass com/sun/tools/javac/util/Names
instanceKlass com/sun/tools/javac/file/ZipFileIndexCache
instanceKlass com/sun/tools/javac/util/Assert
instanceKlass com/sun/tools/javac/code/Lint$AugmentVisitor
instanceKlass com/sun/tools/javac/code/Attribute$Visitor
instanceKlass java/util/concurrent/ConcurrentHashMap$MapEntry
instanceKlass java/util/concurrent/ConcurrentHashMap$Traverser
instanceKlass java/util/AbstractList$Itr
instanceKlass com/sun/tools/javac/file/Locations$LocationHandler
instanceKlass com/sun/tools/javac/file/Locations
instanceKlass com/sun/tools/javac/util/BaseFileManager$ByteBufferCache
instanceKlass com/sun/tools/javac/main/JavaCompiler$1
instanceKlass com/sun/source/tree/MemberSelectTree
instanceKlass com/sun/source/tree/IdentifierTree
